#
# A fatal error has been detected by the Java Runtime Environment:
#
#  EXCEPTION_UNCAUGHT_CXX_EXCEPTION (0xe06d7363) at pc=0x00007ffa42c2ab89, pid=76372, tid=10288
#
# JRE version: OpenJDK Runtime Environment Temurin-17.0.10+7 (17.0.10+7) (build 17.0.10+7)
# Java VM: OpenJDK 64-Bit Server VM Temurin-17.0.10+7 (17.0.10+7, mixed mode, tiered, compressed oops, compressed class ptrs, g1 gc, windows-amd64)
# Problematic frame:
# C  [KERNELBASE.dll+0x2ab89]
#
# No core dump will be written. Minidumps are not enabled by default on client versions of Windows
#
# If you would like to submit a bug report, please visit:
#   https://github.com/adoptium/adoptium-support/issues
#

---------------  S U M M A R Y ------------

Command Line: -Dfile.encoding=UTF-8 -Dstdout.encoding=UTF-8 -Dstderr.encoding=UTF-8 -XX:+ShowCodeDetailsInExceptionMessages robotsim.app.SimulatorApplication

Host: Intel(R) Core(TM) i7-7500U CPU @ 2.70GHz, 4 cores, 7G,  Windows 10 , 64 bit Build 19041 (10.0.19041.3636)
Time: Sun May 26 22:12:45 2024 Europe de l , 64 bit Build 19041 (10.0.19041.3636) elapsed time: 1.190762 seconds (0d 0h 0m 1s)

---------------  T H R E A D  ---------------

Current thread (0x000001cc7d3fda70):  JavaThread "main" [_thread_in_vm, id=10288, stack(0x0000007937a00000,0x0000007937b00000)]

Stack: [0x0000007937a00000,0x0000007937b00000],  sp=0x0000007937afdd80,  free space=1015k
Native frames: (J=compiled Java code, j=interpreted, Vv=VM code, C=native code)
C  [KERNELBASE.dll+0x2ab89]
C  [VCRUNTIME140.dll+0x6480]
C  [jimage.dll+0x32a3]
C  [jimage.dll+0x2a1d]
C  [jimage.dll+0x145b]
C  [jimage.dll+0x1e9f]
C  [jimage.dll+0x1f36]
C  [jimage.dll+0x266e]
V  [jvm.dll+0x1f3a0d]
V  [jvm.dll+0x1f25e2]
V  [jvm.dll+0x7adf9b]
V  [jvm.dll+0x7af36c]
V  [jvm.dll+0x7af6b8]
V  [jvm.dll+0x23face]
V  [jvm.dll+0x23fd1f]
V  [jvm.dll+0x560aa8]
V  [jvm.dll+0x5639a7]
V  [jvm.dll+0x386672]
V  [jvm.dll+0x385cdf]
C  0x000001cc0ab5a459

The last pc belongs to invokestatic (printed below).
Java frames: (J=compiled Java code, j=interpreted, Vv=VM code)
j  java.util.Formatter.<clinit>()V+3 java.base@17.0.10
v  ~StubRoutines::call_stub
j  java.lang.String.format(Ljava/lang/String;[Ljava/lang/Object;)Ljava/lang/String;+0 java.base@17.0.10
j  java.util.logging.SimpleFormatter.format(Ljava/util/logging/LogRecord;)Ljava/lang/String;+157 java.logging@17.0.10
j  java.util.logging.StreamHandler.publish(Ljava/util/logging/LogRecord;)V+14 java.logging@17.0.10
j  java.util.logging.ConsoleHandler.publish(Ljava/util/logging/LogRecord;)V+2 java.logging@17.0.10
j  java.util.logging.Logger.log(Ljava/util/logging/LogRecord;)V+90 java.logging@17.0.10
j  java.util.logging.Logger.doLog(Ljava/util/logging/LogRecord;)V+46 java.logging@17.0.10
j  java.util.logging.Logger.log(Ljava/util/logging/Level;Ljava/lang/String;)V+21 java.logging@17.0.10
j  java.util.logging.Logger.info(Ljava/lang/String;)V+5 java.logging@17.0.10
j  robotsim.app.SimulatorApplication.main([Ljava/lang/String;)V+657
v  ~StubRoutines::call_stub

siginfo: EXCEPTION_UNCAUGHT_CXX_EXCEPTION (0xe06d7363), ExceptionInformation=0x0000000019930520 0x0000007937afdee0 0x00007ffa3e025198 0x00007ffa3e020000 


Registers:
RAX=0x000000000000002e, RBX=0x00007ffa3e025198, RCX=0x000001cc7b168f54, RDX=0x0000000000000371
RSP=0x0000007937afdd80, RBP=0x0000007937afe010, RSI=0x0000007937afdee0, RDI=0x0000000019930520
R8 =0x000001cc7d3fda70, R9 =0x6f6c2e6176616a2f, R10=0x0000000000001010, R11=0x0000000000000000
R12=0x000000000000b8ff, R13=0x000001cc7d3fdf60, R14=0x000001cc1b0a2ef0, R15=0x000001cc1b0a2ef0
RIP=0x00007ffa42c2ab89, EFLAGS=0x0000000000000206


Register to memory mapping:

RIP=0x00007ffa42c2ab89 KERNELBASE.dll
RAX=0x000000000000002e is an unknown value
RBX=0x00007ffa3e025198 jimage.dll
RCX=0x000001cc7b168f54 points into unknown readable memory: 00 00 00 80
RDX=0x0000000000000371 is an unknown value
RSP=0x0000007937afdd80 is pointing into the stack for thread: 0x000001cc7d3fda70
RBP=0x0000007937afe010 is pointing into the stack for thread: 0x000001cc7d3fda70
RSI=0x0000007937afdee0 is pointing into the stack for thread: 0x000001cc7d3fda70
RDI=0x0000000019930520 is an unknown value
R8 =0x000001cc7d3fda70 is a thread
R9 =0x6f6c2e6176616a2f is an unknown value
R10=0x0000000000001010 is an unknown value
R11=0x0 is NULL
R12=0x000000000000b8ff is an unknown value
R13=0x000001cc7d3fdf60 points into unknown readable memory: 0x6974752f6176616a | 6a 61 76 61 2f 75 74 69
R14=0x000001cc1b0a2ef0 points into unknown readable memory: 0x000001cc1ba1ae28 | 28 ae a1 1b cc 01 00 00
R15=0x000001cc1b0a2ef0 points into unknown readable memory: 0x000001cc1ba1ae28 | 28 ae a1 1b cc 01 00 00


Top of Stack: (sp=0x0000007937afdd80)
0x0000007937afdd80:   0000000000000000 00007ffa3e025198
0x0000007937afdd90:   0000007937afdee0 0000007937afddf0
0x0000007937afdda0:   00000001e06d7363 0000000000000000
0x0000007937afddb0:   00007ffa42c2ab89 00007ffa00000004
0x0000007937afddc0:   0000000019930520 0000007937afdee0
0x0000007937afddd0:   00007ffa3e025198 00007ffa3e020000
0x0000007937afdde0:   000001cc7d3fdf60 000000000000b8ff
0x0000007937afddf0:   0000007937afdee0 0000007937afe010
0x0000007937afde00:   0000007937afde80 00007ffa45364a5f
0x0000007937afde10:   0000000019930520 00007ffa00000000
0x0000007937afde20:   0000007937afde80 0000007937afde60
0x0000007937afde30:   00007ffa3e027000 00007ffa3e020000
0x0000007937afde40:   000026a9bc674162 00007ffa42c5aa5b
0x0000007937afde50:   00007ffa3e025198 00007ffa2d476480
0x0000007937afde60:   0000000000000000 0000000000000024
0x0000007937afde70:   00007ffa05791678 0000007937afdec0
0x0000007937afde80:   00007ffa3e020000 0000000019930520
0x0000007937afde90:   0000007937afdee0 00007ffa3e025198
0x0000007937afdea0:   00007ffa3e020000 00007ffa05764eee
0x0000007937afdeb0:   000001cc00688f7a 00007ffa3e0232a3
0x0000007937afdec0:   0000000000000002 0000007937afde88
0x0000007937afded0:   000000000000b8ff 000001cc00688f7a
0x0000007937afdee0:   00007ffa3e024470 00007ffa3e024480
0x0000007937afdef0:   0000000000000000 0000000000000000
0x0000007937afdf00:   000000000000b8ff 00007ffa3e022a1d
0x0000007937afdf10:   000000000000b8ff 000000000000000a
0x0000007937afdf20:   000001cc7d3fda70 00007ffa42adfde6
0x0000007937afdf30:   000001cc00688f7a 00007ffa3e02145b
0x0000007937afdf40:   0000000000000000 000001cc7b0c0000
0x0000007937afdf50:   0000007937afdfe0 00007ffa03cafd3c
0x0000007937afdf60:   0000000000000028 000001cc7b0c0d50
0x0000007937afdf70:   00000000cafefafa 0000000000005fcb 

Instructions: (pc=0x00007ffa42c2ab89)
0x00007ffa42c2aa89:   09 00 48 8b 84 24 b8 00 00 00 48 8b 8c 24 b0 05
0x00007ffa42c2aa99:   00 00 48 33 cc e8 2d ab 06 00 48 81 c4 c0 05 00
0x00007ffa42c2aaa9:   00 41 5f 41 5e 41 5d 5e 5b c3 cc 48 ff 15 6d a4
0x00007ffa42c2aab9:   1b 00 0f 1f 44 00 00 eb b0 cc cc cc cc cc cc cc
0x00007ffa42c2aac9:   cc cc cc cc cc cc cc 40 53 48 83 ec 30 48 8b d1
0x00007ffa42c2aad9:   48 8d 4c 24 20 e8 5d 23 00 00 85 c0 74 26 48 8b
0x00007ffa42c2aae9:   4c 24 28 e8 ef 38 00 00 48 8d 4c 24 20 8b d8 48
0x00007ffa42c2aaf9:   ff 15 71 9e 1b 00 0f 1f 44 00 00 8b c3 48 83 c4
0x00007ffa42c2ab09:   30 5b c3 cc 83 c8 ff eb f4 cc cc cc cc cc cc cc
0x00007ffa42c2ab19:   cc cc cc cc cc cc cc 48 81 ec d8 00 00 00 48 8b
0x00007ffa42c2ab29:   05 72 c3 28 00 48 33 c4 48 89 84 24 c0 00 00 00
0x00007ffa42c2ab39:   48 83 64 24 28 00 48 8d 05 da ff ff ff 83 e2 01
0x00007ffa42c2ab49:   89 4c 24 20 89 54 24 24 48 89 44 24 30 4d 85 c9
0x00007ffa42c2ab59:   74 4c b8 0f 00 00 00 48 8d 4c 24 40 44 3b c0 49
0x00007ffa42c2ab69:   8b d1 44 0f 47 c0 44 89 44 24 38 49 c1 e0 03 e8
0x00007ffa42c2ab79:   ba bf 08 00 48 8d 4c 24 20 48 ff 15 bf a5 1b 00
0x00007ffa42c2ab89:   0f 1f 44 00 00 48 8b 8c 24 c0 00 00 00 48 33 cc
0x00007ffa42c2ab99:   e8 32 aa 06 00 48 81 c4 d8 00 00 00 c3 cc 83 64
0x00007ffa42c2aba9:   24 38 00 eb cf cc cc cc cc cc cc cc cc cc cc cc
0x00007ffa42c2abb9:   cc cc cc cc cc cc cc 65 48 8b 04 25 30 00 00 00
0x00007ffa42c2abc9:   8b 40 68 c3 cc cc cc cc cc cc cc cc cc cc cc cc
0x00007ffa42c2abd9:   cc cc cc cc cc cc cc 48 89 5c 24 10 48 89 74 24
0x00007ffa42c2abe9:   18 57 41 54 41 55 41 56 41 57 48 81 ec b0 02 00
0x00007ffa42c2abf9:   00 48 8b 05 9f c2 28 00 48 33 c4 48 89 84 24 a0
0x00007ffa42c2ac09:   02 00 00 48 8d 15 af 09 1c 00 48 85 c9 48 0f 45
0x00007ffa42c2ac19:   d1 48 89 94 24 80 00 00 00 48 83 c8 ff 48 ff c0
0x00007ffa42c2ac29:   80 3c 02 00 75 f7 48 ff c0 48 89 84 24 88 00 00
0x00007ffa42c2ac39:   00 48 89 94 24 90 00 00 00 4c 8d 8c 24 88 00 00
0x00007ffa42c2ac49:   00 33 d2 b9 06 00 01 40 44 8d 42 02 e8 c6 fe ff
0x00007ffa42c2ac59:   ff e9 f0 01 00 00 33 f6 48 89 74 24 60 45 33 ff
0x00007ffa42c2ac69:   4c 89 7c 24 48 45 33 f6 4c 89 74 24 58 33 ff 48
0x00007ffa42c2ac79:   89 7c 24 50 e8 3e ff ff ff 89 44 24 40 48 39 35 


Stack slot to memory mapping:
stack at sp + 0 slots: 0x0 is NULL
stack at sp + 1 slots: 0x00007ffa3e025198 jimage.dll
stack at sp + 2 slots: 0x0000007937afdee0 is pointing into the stack for thread: 0x000001cc7d3fda70
stack at sp + 3 slots: 0x0000007937afddf0 is pointing into the stack for thread: 0x000001cc7d3fda70
stack at sp + 4 slots: 0x00000001e06d7363 is an unknown value
stack at sp + 5 slots: 0x0 is NULL
stack at sp + 6 slots: 0x00007ffa42c2ab89 KERNELBASE.dll
stack at sp + 7 slots: 0x00007ffa00000004 is an unknown value

invokestatic  184 invokestatic  [0x000001cc0ab5a3a0, 0x000001cc0ab5a660]  704 bytes
[MachCode]
  0x000001cc0ab5a3a0: 4883 ec08 | c5fa 1104 | 24eb 1f48 | 83ec 10c5 | fb11 0424 | eb14 4883 | ec10 4889 | 0424 48c7 
  0x000001cc0ab5a3c0: 4424 0800 | 0000 00eb | 0150 4c89 | 6dc0 410f | b755 0148 | 8b4d d0c1 | e202 8b5c | d120 c1eb 
  0x000001cc0ab5a3e0: 1081 e3ff | 0000 0081 | fbb8 0000 | 000f 84b6 | 0000 00bb | b800 0000 | e805 0000 | 00e9 9b00 
  0x000001cc0ab5a400: 0000 488b | d348 8d44 | 2408 4c89 | 6dc0 498b | cfc5 f877 | 4989 afa8 | 0200 0049 | 8987 9802 
  0x000001cc0ab5a420: 0000 4883 | ec20 f7c4 | 0f00 0000 | 0f84 1a00 | 0000 4883 | ec08 49ba | 705c 9c03 | fa7f 0000 
  0x000001cc0ab5a440: 41ff d248 | 83c4 08e9 | 0d00 0000 | 49ba 705c | 9c03 fa7f | 0000 41ff | d248 83c4 | 2049 c787 
  0x000001cc0ab5a460: 9802 0000 | 0000 0000 | 49c7 87a8 | 0200 0000 | 0000 0049 | c787 a002 | 0000 0000 | 0000 c5f8 
  0x000001cc0ab5a480: 7749 817f | 0800 0000 | 000f 8405 | 0000 00e9 | 6c6a feff | 4c8b 6dc0 | 4c8b 75c8 | c341 0fb7 
  0x000001cc0ab5a4a0: 5501 488b | 4dd0 c1e2 | 0248 8b5c | d128 488b | 5b08 488b | 5b08 488b | 5b18 80bb | 3301 0000 
  0x000001cc0ab5a4c0: 040f 840d | 0000 004c | 3bbb 3801 | 0000 0f85 | 1fff ffff | 488b 5cd1 | 288b 54d1 | 38c1 ea1c 
  0x000001cc0ab5a4e0: 49ba a060 | 1e04 fa7f | 0000 498b | 14d2 5248 | 8b45 d848 | 85c0 0f84 | 1200 0000 | 4883 4008 
  0x000001cc0ab5a500: 0148 8358 | 0800 4883 | c010 4889 | 45d8 488b | 45d8 4885 | c00f 8423 | 0100 0080 | 78f0 0a0f 
  0x000001cc0ab5a520: 8519 0100 | 0048 83c0 | 084c 8b68 | f841 83ed | 0041 83fd | 020f 8cf8 | 0000 004c | 8b6b 0845 
  0x000001cc0ab5a540: 0fb7 6d2c | 4c2b 2841 | 83ed 014e | 8b6c ec08 | 4d85 ed75 | 0748 8348 | 0801 eb4a | 458b 6d08 
  0x000001cc0ab5a560: 49c1 e503 | 4c33 6808 | 49f7 c5fc | ffff ff74 | 3549 f7c5 | 0200 0000 | 752c 4881 | 7808 0000 
  0x000001cc0ab5a580: 0000 741e | 4881 7808 | 0100 0000 | 7414 4c33 | 6808 49f7 | c5fc ffff | ff74 0b48 | 8348 0802 
  0x000001cc0ab5a5a0: eb04 4c89 | 6808 4883 | c010 4c8b | 68e8 4183 | ed02 4183 | fd02 0f8c | 7700 0000 | 4c8b 6b08 
  0x000001cc0ab5a5c0: 450f b76d | 2c4c 2b28 | 4183 ed01 | 4e8b 6cec | 084d 85ed | 7507 4883 | 4808 01eb | 4a45 8b6d 
  0x000001cc0ab5a5e0: 0849 c1e5 | 034c 3368 | 0849 f7c5 | fcff ffff | 7435 49f7 | c502 0000 | 0075 2c48 | 8178 0800 
  0x000001cc0ab5a600: 0000 0074 | 1e48 8178 | 0801 0000 | 0074 144c | 3368 0849 | f7c5 fcff | ffff 740b | 4883 4808 
  0x000001cc0ab5a620: 02eb 044c | 8968 0848 | 83c0 104c | 8b68 d841 | 83ed 0441 | c1e5 0349 | 03c5 4889 | 45d8 4c8d 
  0x000001cc0ab5a640: 6c24 084c | 896d f0ff | 6350 660f | 1f44 0000 | 0000 0000 | 0000 0000 | 0000 0000 | 0000 0000 
[/MachCode]

---------------  P R O C E S S  ---------------

Threads class SMR info:
_java_thread_list=0x000001cc1c202400, length=16, elements={
0x000001cc7d3fda70, 0x000001cc16a23020, 0x000001cc16a23bb0, 0x000001cc16a28260,
0x000001cc16a52000, 0x000001cc16a524e0, 0x000001cc16a562b0, 0x000001cc16a5eec0,
0x000001cc16a5f7d0, 0x000001cc16a740e0, 0x000001cc16bcf260, 0x000001cc16bd5e10,
0x000001cc1b6a15a0, 0x000001cc1b6c99c0, 0x000001cc1b728160, 0x000001cc1bce89e0
}

Java Threads: ( => current thread )
=>0x000001cc7d3fda70 JavaThread "main" [_thread_in_vm, id=10288, stack(0x0000007937a00000,0x0000007937b00000)]
  0x000001cc16a23020 JavaThread "Reference Handler" daemon [_thread_blocked, id=92892, stack(0x0000007938100000,0x0000007938200000)]
  0x000001cc16a23bb0 JavaThread "Finalizer" daemon [_thread_blocked, id=76552, stack(0x0000007938200000,0x0000007938300000)]
  0x000001cc16a28260 JavaThread "Signal Dispatcher" daemon [_thread_blocked, id=89128, stack(0x0000007938300000,0x0000007938400000)]
  0x000001cc16a52000 JavaThread "Attach Listener" daemon [_thread_blocked, id=96452, stack(0x0000007938400000,0x0000007938500000)]
  0x000001cc16a524e0 JavaThread "Service Thread" daemon [_thread_blocked, id=92336, stack(0x0000007938500000,0x0000007938600000)]
  0x000001cc16a562b0 JavaThread "Monitor Deflation Thread" daemon [_thread_blocked, id=94340, stack(0x0000007938600000,0x0000007938700000)]
  0x000001cc16a5eec0 JavaThread "C2 CompilerThread0" daemon [_thread_blocked, id=85448, stack(0x0000007938700000,0x0000007938800000)]
  0x000001cc16a5f7d0 JavaThread "C1 CompilerThread0" daemon [_thread_blocked, id=96672, stack(0x0000007938800000,0x0000007938900000)]
  0x000001cc16a740e0 JavaThread "Sweeper thread" daemon [_thread_blocked, id=79332, stack(0x0000007938900000,0x0000007938a00000)]
  0x000001cc16bcf260 JavaThread "Notification Thread" daemon [_thread_blocked, id=88424, stack(0x0000007938a00000,0x0000007938b00000)]
  0x000001cc16bd5e10 JavaThread "Common-Cleaner" daemon [_thread_blocked, id=88316, stack(0x0000007938c00000,0x0000007938d00000)]
  0x000001cc1b6a15a0 JavaThread "Java2D Disposer" daemon [_thread_blocked, id=96216, stack(0x0000007939000000,0x0000007939100000)]
  0x000001cc1b6c99c0 JavaThread "AWT-Shutdown" [_thread_blocked, id=87400, stack(0x0000007939100000,0x0000007939200000)]
  0x000001cc1b728160 JavaThread "AWT-Windows" daemon [_thread_in_native, id=39036, stack(0x0000007939200000,0x0000007939300000)]
  0x000001cc1bce89e0 JavaThread "AWT-EventQueue-0" [_thread_blocked, id=86988, stack(0x0000007939300000,0x0000007939400000)]

Other Threads:
  0x000001cc16a01ef0 VMThread "VM Thread" [stack: 0x0000007938000000,0x0000007938100000] [id=94588]
  0x000001cc16bd1750 WatcherThread [stack: 0x0000007938b00000,0x0000007938c00000] [id=65464]
  0x000001cc7d457700 GCTaskThread "GC Thread#0" [stack: 0x0000007937b00000,0x0000007937c00000] [id=96436]
  0x000001cc1b0f1540 GCTaskThread "GC Thread#1" [stack: 0x0000007938e00000,0x0000007938f00000] [id=95556]
  0x000001cc1b0ed440 GCTaskThread "GC Thread#2" [stack: 0x0000007938f00000,0x0000007939000000] [id=89132]
  0x000001cc7d467ce0 ConcurrentGCThread "G1 Main Marker" [stack: 0x0000007937c00000,0x0000007937d00000] [id=97536]
  0x000001cc7d468db0 ConcurrentGCThread "G1 Conc#0" [stack: 0x0000007937d00000,0x0000007937e00000] [id=84664]
  0x000001cc168420a0 ConcurrentGCThread "G1 Refine#0" [stack: 0x0000007937e00000,0x0000007937f00000] [id=98116]
  0x000001cc168428e0 ConcurrentGCThread "G1 Service" [stack: 0x0000007937f00000,0x0000007938000000] [id=84404]

Threads with active compile tasks:

VM state: not at safepoint (normal execution)

VM Mutex/Monitor currently owned by a thread: None

OutOfMemory and StackOverflow Exception counts:
OutOfMemoryError java_heap_errors=1
LinkageErrors=8

Heap address: 0x0000000084400000, size: 1980 MB, Compressed Oops mode: 32-bit

CDS archive(s) not mapped
Compressed class space mapped at: 0x0000000100000000-0x0000000140000000, reserved size: 1073741824
Narrow klass base: 0x0000000000000000, Narrow klass shift: 3, Narrow klass range: 0x140000000

GC Precious Log:
 CPUs: 4 total, 4 available
 Memory: 7916M
 Large Page Support: Disabled
 NUMA Support: Disabled
 Compressed Oops: Enabled (32-bit)
 Heap Region Size: 1M
 Heap Min Capacity: 8M
 Heap Initial Capacity: 124M
 Heap Max Capacity: 1980M
 Pre-touch: Disabled
 Parallel Workers: 4
 Concurrent Workers: 1
 Concurrent Refinement Workers: 4
 Periodic GC: Disabled

Heap:
 garbage-first heap   total 237568K, used 111327K [0x0000000084400000, 0x0000000100000000)
  region size 1024K, 89 young (91136K), 4 survivors (4096K)
 Metaspace       used 15261K, committed 15488K, reserved 1114112K
  class space    used 1546K, committed 1664K, reserved 1048576K

Heap Regions: E=young(eden), S=young(survivor), O=old, HS=humongous(starts), HC=humongous(continues), CS=collection set, F=free, OA=open archive, CA=closed archive, TAMS=top-at-mark-start (previous, next)
|   0|0x0000000084400000, 0x0000000084500000, 0x0000000084500000|100%| O|  |TAMS 0x0000000084400000, 0x0000000084400000| Untracked 
|   1|0x0000000084500000, 0x0000000084600000, 0x0000000084600000|100%| O|  |TAMS 0x0000000084500000, 0x0000000084500000| Untracked 
|   2|0x0000000084600000, 0x0000000084697c00, 0x0000000084700000| 59%| O|  |TAMS 0x0000000084600000, 0x0000000084600000| Untracked 
|   3|0x0000000084700000, 0x0000000084800000, 0x0000000084800000|100%|HS|  |TAMS 0x0000000084700000, 0x0000000084700000| Complete 
|   4|0x0000000084800000, 0x0000000084900000, 0x0000000084900000|100%|HS|  |TAMS 0x0000000084800000, 0x0000000084800000| Complete 
|   5|0x0000000084900000, 0x0000000084a00000, 0x0000000084a00000|100%|HS|  |TAMS 0x0000000084900000, 0x0000000084900000| Complete 
|   6|0x0000000084a00000, 0x0000000084b00000, 0x0000000084b00000|100%|HC|  |TAMS 0x0000000084a00000, 0x0000000084a00000| Complete 
|   7|0x0000000084b00000, 0x0000000084c00000, 0x0000000084c00000|100%|HS|  |TAMS 0x0000000084b00000, 0x0000000084b00000| Complete 
|   8|0x0000000084c00000, 0x0000000084d00000, 0x0000000084d00000|100%|HC|  |TAMS 0x0000000084c00000, 0x0000000084c00000| Complete 
|   9|0x0000000084d00000, 0x0000000084e00000, 0x0000000084e00000|100%|HC|  |TAMS 0x0000000084d00000, 0x0000000084d00000| Complete 
|  10|0x0000000084e00000, 0x0000000084f00000, 0x0000000084f00000|100%|HS|  |TAMS 0x0000000084e00000, 0x0000000084e00000| Complete 
|  11|0x0000000084f00000, 0x0000000085000000, 0x0000000085000000|100%|HC|  |TAMS 0x0000000084f00000, 0x0000000084f00000| Complete 
|  12|0x0000000085000000, 0x0000000085100000, 0x0000000085100000|100%|HS|  |TAMS 0x0000000085000000, 0x0000000085000000| Complete 
|  13|0x0000000085100000, 0x0000000085200000, 0x0000000085200000|100%|HC|  |TAMS 0x0000000085100000, 0x0000000085100000| Complete 
|  14|0x0000000085200000, 0x0000000085300000, 0x0000000085300000|100%|HS|  |TAMS 0x0000000085200000, 0x0000000085200000| Complete 
|  15|0x0000000085300000, 0x0000000085400000, 0x0000000085400000|100%|HC|  |TAMS 0x0000000085300000, 0x0000000085300000| Complete 
|  16|0x0000000085400000, 0x0000000085500000, 0x0000000085500000|100%|HC|  |TAMS 0x0000000085400000, 0x0000000085400000| Complete 
|  17|0x0000000085500000, 0x0000000085600000, 0x0000000085600000|100%|HC|  |TAMS 0x0000000085500000, 0x0000000085500000| Complete 
|  18|0x0000000085600000, 0x0000000085700000, 0x0000000085700000|100%|HC|  |TAMS 0x0000000085600000, 0x0000000085600000| Complete 
|  19|0x0000000085700000, 0x0000000085800000, 0x0000000085800000|100%|HC|  |TAMS 0x0000000085700000, 0x0000000085700000| Complete 
|  20|0x0000000085800000, 0x0000000085900000, 0x0000000085900000|100%|HC|  |TAMS 0x0000000085800000, 0x0000000085800000| Complete 
|  21|0x0000000085900000, 0x0000000085a00000, 0x0000000085a00000|100%|HC|  |TAMS 0x0000000085900000, 0x0000000085900000| Complete 
|  22|0x0000000085a00000, 0x0000000085a00000, 0x0000000085b00000|  0%| F|  |TAMS 0x0000000085a00000, 0x0000000085a00000| Untracked 
|  23|0x0000000085b00000, 0x0000000085b00000, 0x0000000085c00000|  0%| F|  |TAMS 0x0000000085b00000, 0x0000000085b00000| Untracked 
|  24|0x0000000085c00000, 0x0000000085c00000, 0x0000000085d00000|  0%| F|  |TAMS 0x0000000085c00000, 0x0000000085c00000| Untracked 
|  25|0x0000000085d00000, 0x0000000085d00000, 0x0000000085e00000|  0%| F|  |TAMS 0x0000000085d00000, 0x0000000085d00000| Untracked 
|  26|0x0000000085e00000, 0x0000000085e00000, 0x0000000085f00000|  0%| F|  |TAMS 0x0000000085e00000, 0x0000000085e00000| Untracked 
|  27|0x0000000085f00000, 0x0000000085f00000, 0x0000000086000000|  0%| F|  |TAMS 0x0000000085f00000, 0x0000000085f00000| Untracked 
|  28|0x0000000086000000, 0x0000000086000000, 0x0000000086100000|  0%| F|  |TAMS 0x0000000086000000, 0x0000000086000000| Untracked 
|  29|0x0000000086100000, 0x0000000086100000, 0x0000000086200000|  0%| F|  |TAMS 0x0000000086100000, 0x0000000086100000| Untracked 
|  30|0x0000000086200000, 0x0000000086200000, 0x0000000086300000|  0%| F|  |TAMS 0x0000000086200000, 0x0000000086200000| Untracked 
|  31|0x0000000086300000, 0x0000000086300000, 0x0000000086400000|  0%| F|  |TAMS 0x0000000086300000, 0x0000000086300000| Untracked 
|  32|0x0000000086400000, 0x0000000086400000, 0x0000000086500000|  0%| F|  |TAMS 0x0000000086400000, 0x0000000086400000| Untracked 
|  33|0x0000000086500000, 0x0000000086500000, 0x0000000086600000|  0%| F|  |TAMS 0x0000000086500000, 0x0000000086500000| Untracked 
|  34|0x0000000086600000, 0x0000000086600000, 0x0000000086700000|  0%| F|  |TAMS 0x0000000086600000, 0x0000000086600000| Untracked 
|  35|0x0000000086700000, 0x0000000086700000, 0x0000000086800000|  0%| F|  |TAMS 0x0000000086700000, 0x0000000086700000| Untracked 
|  36|0x0000000086800000, 0x0000000086800000, 0x0000000086900000|  0%| F|  |TAMS 0x0000000086800000, 0x0000000086800000| Untracked 
|  37|0x0000000086900000, 0x0000000086900000, 0x0000000086a00000|  0%| F|  |TAMS 0x0000000086900000, 0x0000000086900000| Untracked 
|  38|0x0000000086a00000, 0x0000000086a00000, 0x0000000086b00000|  0%| F|  |TAMS 0x0000000086a00000, 0x0000000086a00000| Untracked 
|  39|0x0000000086b00000, 0x0000000086b00000, 0x0000000086c00000|  0%| F|  |TAMS 0x0000000086b00000, 0x0000000086b00000| Untracked 
|  40|0x0000000086c00000, 0x0000000086c00000, 0x0000000086d00000|  0%| F|  |TAMS 0x0000000086c00000, 0x0000000086c00000| Untracked 
|  41|0x0000000086d00000, 0x0000000086d00000, 0x0000000086e00000|  0%| F|  |TAMS 0x0000000086d00000, 0x0000000086d00000| Untracked 
|  42|0x0000000086e00000, 0x0000000086e00000, 0x0000000086f00000|  0%| F|  |TAMS 0x0000000086e00000, 0x0000000086e00000| Untracked 
|  43|0x0000000086f00000, 0x0000000086f00000, 0x0000000087000000|  0%| F|  |TAMS 0x0000000086f00000, 0x0000000086f00000| Untracked 
|  44|0x0000000087000000, 0x0000000087000000, 0x0000000087100000|  0%| F|  |TAMS 0x0000000087000000, 0x0000000087000000| Untracked 
|  45|0x0000000087100000, 0x0000000087100000, 0x0000000087200000|  0%| F|  |TAMS 0x0000000087100000, 0x0000000087100000| Untracked 
|  46|0x0000000087200000, 0x0000000087220010, 0x0000000087300000| 12%| S|CS|TAMS 0x0000000087200000, 0x0000000087200000| Complete 
|  47|0x0000000087300000, 0x0000000087400000, 0x0000000087400000|100%| S|CS|TAMS 0x0000000087300000, 0x0000000087300000| Complete 
|  48|0x0000000087400000, 0x0000000087500000, 0x0000000087500000|100%| S|CS|TAMS 0x0000000087400000, 0x0000000087400000| Complete 
|  49|0x0000000087500000, 0x0000000087600000, 0x0000000087600000|100%| S|CS|TAMS 0x0000000087500000, 0x0000000087500000| Complete 
|  50|0x0000000087600000, 0x0000000087600000, 0x0000000087700000|  0%| F|  |TAMS 0x0000000087600000, 0x0000000087600000| Untracked 
|  51|0x0000000087700000, 0x0000000087700000, 0x0000000087800000|  0%| F|  |TAMS 0x0000000087700000, 0x0000000087700000| Untracked 
|  52|0x0000000087800000, 0x0000000087800000, 0x0000000087900000|  0%| F|  |TAMS 0x0000000087800000, 0x0000000087800000| Untracked 
|  53|0x0000000087900000, 0x0000000087900000, 0x0000000087a00000|  0%| F|  |TAMS 0x0000000087900000, 0x0000000087900000| Untracked 
|  54|0x0000000087a00000, 0x0000000087a00000, 0x0000000087b00000|  0%| F|  |TAMS 0x0000000087a00000, 0x0000000087a00000| Untracked 
|  55|0x0000000087b00000, 0x0000000087b00000, 0x0000000087c00000|  0%| F|  |TAMS 0x0000000087b00000, 0x0000000087b00000| Untracked 
|  56|0x0000000087c00000, 0x0000000087c00000, 0x0000000087d00000|  0%| F|  |TAMS 0x0000000087c00000, 0x0000000087c00000| Untracked 
|  57|0x0000000087d00000, 0x0000000087d00000, 0x0000000087e00000|  0%| F|  |TAMS 0x0000000087d00000, 0x0000000087d00000| Untracked 
|  58|0x0000000087e00000, 0x0000000087e00000, 0x0000000087f00000|  0%| F|  |TAMS 0x0000000087e00000, 0x0000000087e00000| Untracked 
|  59|0x0000000087f00000, 0x0000000087f00000, 0x0000000088000000|  0%| F|  |TAMS 0x0000000087f00000, 0x0000000087f00000| Untracked 
|  60|0x0000000088000000, 0x0000000088000000, 0x0000000088100000|  0%| F|  |TAMS 0x0000000088000000, 0x0000000088000000| Untracked 
|  61|0x0000000088100000, 0x0000000088100000, 0x0000000088200000|  0%| F|  |TAMS 0x0000000088100000, 0x0000000088100000| Untracked 
|  62|0x0000000088200000, 0x0000000088200000, 0x0000000088300000|  0%| F|  |TAMS 0x0000000088200000, 0x0000000088200000| Untracked 
|  63|0x0000000088300000, 0x0000000088300000, 0x0000000088400000|  0%| F|  |TAMS 0x0000000088300000, 0x0000000088300000| Untracked 
|  64|0x0000000088400000, 0x0000000088400000, 0x0000000088500000|  0%| F|  |TAMS 0x0000000088400000, 0x0000000088400000| Untracked 
|  65|0x0000000088500000, 0x0000000088500000, 0x0000000088600000|  0%| F|  |TAMS 0x0000000088500000, 0x0000000088500000| Untracked 
|  66|0x0000000088600000, 0x0000000088600000, 0x0000000088700000|  0%| F|  |TAMS 0x0000000088600000, 0x0000000088600000| Untracked 
|  67|0x0000000088700000, 0x0000000088700000, 0x0000000088800000|  0%| F|  |TAMS 0x0000000088700000, 0x0000000088700000| Untracked 
|  68|0x0000000088800000, 0x0000000088800000, 0x0000000088900000|  0%| F|  |TAMS 0x0000000088800000, 0x0000000088800000| Untracked 
|  69|0x0000000088900000, 0x0000000088900000, 0x0000000088a00000|  0%| F|  |TAMS 0x0000000088900000, 0x0000000088900000| Untracked 
|  70|0x0000000088a00000, 0x0000000088a00000, 0x0000000088b00000|  0%| F|  |TAMS 0x0000000088a00000, 0x0000000088a00000| Untracked 
|  71|0x0000000088b00000, 0x0000000088b00000, 0x0000000088c00000|  0%| F|  |TAMS 0x0000000088b00000, 0x0000000088b00000| Untracked 
|  72|0x0000000088c00000, 0x0000000088c00000, 0x0000000088d00000|  0%| F|  |TAMS 0x0000000088c00000, 0x0000000088c00000| Untracked 
|  73|0x0000000088d00000, 0x0000000088d00000, 0x0000000088e00000|  0%| F|  |TAMS 0x0000000088d00000, 0x0000000088d00000| Untracked 
|  74|0x0000000088e00000, 0x0000000088e00000, 0x0000000088f00000|  0%| F|  |TAMS 0x0000000088e00000, 0x0000000088e00000| Untracked 
|  75|0x0000000088f00000, 0x0000000088f00000, 0x0000000089000000|  0%| F|  |TAMS 0x0000000088f00000, 0x0000000088f00000| Untracked 
|  76|0x0000000089000000, 0x0000000089000000, 0x0000000089100000|  0%| F|  |TAMS 0x0000000089000000, 0x0000000089000000| Untracked 
|  77|0x0000000089100000, 0x0000000089100000, 0x0000000089200000|  0%| F|  |TAMS 0x0000000089100000, 0x0000000089100000| Untracked 
|  78|0x0000000089200000, 0x0000000089200000, 0x0000000089300000|  0%| F|  |TAMS 0x0000000089200000, 0x0000000089200000| Untracked 
|  79|0x0000000089300000, 0x0000000089300000, 0x0000000089400000|  0%| F|  |TAMS 0x0000000089300000, 0x0000000089300000| Untracked 
|  80|0x0000000089400000, 0x0000000089400000, 0x0000000089500000|  0%| F|  |TAMS 0x0000000089400000, 0x0000000089400000| Untracked 
|  81|0x0000000089500000, 0x0000000089500000, 0x0000000089600000|  0%| F|  |TAMS 0x0000000089500000, 0x0000000089500000| Untracked 
|  82|0x0000000089600000, 0x0000000089600000, 0x0000000089700000|  0%| F|  |TAMS 0x0000000089600000, 0x0000000089600000| Untracked 
|  83|0x0000000089700000, 0x0000000089700000, 0x0000000089800000|  0%| F|  |TAMS 0x0000000089700000, 0x0000000089700000| Untracked 
|  84|0x0000000089800000, 0x0000000089800000, 0x0000000089900000|  0%| F|  |TAMS 0x0000000089800000, 0x0000000089800000| Untracked 
|  85|0x0000000089900000, 0x0000000089900000, 0x0000000089a00000|  0%| F|  |TAMS 0x0000000089900000, 0x0000000089900000| Untracked 
|  86|0x0000000089a00000, 0x0000000089a00000, 0x0000000089b00000|  0%| F|  |TAMS 0x0000000089a00000, 0x0000000089a00000| Untracked 
|  87|0x0000000089b00000, 0x0000000089b00000, 0x0000000089c00000|  0%| F|  |TAMS 0x0000000089b00000, 0x0000000089b00000| Untracked 
|  88|0x0000000089c00000, 0x0000000089c00000, 0x0000000089d00000|  0%| F|  |TAMS 0x0000000089c00000, 0x0000000089c00000| Untracked 
|  89|0x0000000089d00000, 0x0000000089d00000, 0x0000000089e00000|  0%| F|  |TAMS 0x0000000089d00000, 0x0000000089d00000| Untracked 
|  90|0x0000000089e00000, 0x0000000089e00000, 0x0000000089f00000|  0%| F|  |TAMS 0x0000000089e00000, 0x0000000089e00000| Untracked 
|  91|0x0000000089f00000, 0x0000000089f00000, 0x000000008a000000|  0%| F|  |TAMS 0x0000000089f00000, 0x0000000089f00000| Untracked 
|  92|0x000000008a000000, 0x000000008a000000, 0x000000008a100000|  0%| F|  |TAMS 0x000000008a000000, 0x000000008a000000| Untracked 
|  93|0x000000008a100000, 0x000000008a100000, 0x000000008a200000|  0%| F|  |TAMS 0x000000008a100000, 0x000000008a100000| Untracked 
|  94|0x000000008a200000, 0x000000008a200000, 0x000000008a300000|  0%| F|  |TAMS 0x000000008a200000, 0x000000008a200000| Untracked 
|  95|0x000000008a300000, 0x000000008a300000, 0x000000008a400000|  0%| F|  |TAMS 0x000000008a300000, 0x000000008a300000| Untracked 
|  96|0x000000008a400000, 0x000000008a400000, 0x000000008a500000|  0%| F|  |TAMS 0x000000008a400000, 0x000000008a400000| Untracked 
|  97|0x000000008a500000, 0x000000008a500000, 0x000000008a600000|  0%| F|  |TAMS 0x000000008a500000, 0x000000008a500000| Untracked 
|  98|0x000000008a600000, 0x000000008a600000, 0x000000008a700000|  0%| F|  |TAMS 0x000000008a600000, 0x000000008a600000| Untracked 
|  99|0x000000008a700000, 0x000000008a700000, 0x000000008a800000|  0%| F|  |TAMS 0x000000008a700000, 0x000000008a700000| Untracked 
| 100|0x000000008a800000, 0x000000008a800000, 0x000000008a900000|  0%| F|  |TAMS 0x000000008a800000, 0x000000008a800000| Untracked 
| 101|0x000000008a900000, 0x000000008a900000, 0x000000008aa00000|  0%| F|  |TAMS 0x000000008a900000, 0x000000008a900000| Untracked 
| 102|0x000000008aa00000, 0x000000008aa00000, 0x000000008ab00000|  0%| F|  |TAMS 0x000000008aa00000, 0x000000008aa00000| Untracked 
| 103|0x000000008ab00000, 0x000000008ab00000, 0x000000008ac00000|  0%| F|  |TAMS 0x000000008ab00000, 0x000000008ab00000| Untracked 
| 104|0x000000008ac00000, 0x000000008ac00000, 0x000000008ad00000|  0%| F|  |TAMS 0x000000008ac00000, 0x000000008ac00000| Untracked 
| 105|0x000000008ad00000, 0x000000008ad00000, 0x000000008ae00000|  0%| F|  |TAMS 0x000000008ad00000, 0x000000008ad00000| Untracked 
| 106|0x000000008ae00000, 0x000000008ae00000, 0x000000008af00000|  0%| F|  |TAMS 0x000000008ae00000, 0x000000008ae00000| Untracked 
| 107|0x000000008af00000, 0x000000008af00000, 0x000000008b000000|  0%| F|  |TAMS 0x000000008af00000, 0x000000008af00000| Untracked 
| 108|0x000000008b000000, 0x000000008b000000, 0x000000008b100000|  0%| F|  |TAMS 0x000000008b000000, 0x000000008b000000| Untracked 
| 109|0x000000008b100000, 0x000000008b100000, 0x000000008b200000|  0%| F|  |TAMS 0x000000008b100000, 0x000000008b100000| Untracked 
| 110|0x000000008b200000, 0x000000008b200000, 0x000000008b300000|  0%| F|  |TAMS 0x000000008b200000, 0x000000008b200000| Untracked 
| 111|0x000000008b300000, 0x000000008b300000, 0x000000008b400000|  0%| F|  |TAMS 0x000000008b300000, 0x000000008b300000| Untracked 
| 112|0x000000008b400000, 0x000000008b400000, 0x000000008b500000|  0%| F|  |TAMS 0x000000008b400000, 0x000000008b400000| Untracked 
| 113|0x000000008b500000, 0x000000008b500000, 0x000000008b600000|  0%| F|  |TAMS 0x000000008b500000, 0x000000008b500000| Untracked 
| 114|0x000000008b600000, 0x000000008b600000, 0x000000008b700000|  0%| F|  |TAMS 0x000000008b600000, 0x000000008b600000| Untracked 
| 115|0x000000008b700000, 0x000000008b700000, 0x000000008b800000|  0%| F|  |TAMS 0x000000008b700000, 0x000000008b700000| Untracked 
| 116|0x000000008b800000, 0x000000008b800000, 0x000000008b900000|  0%| F|  |TAMS 0x000000008b800000, 0x000000008b800000| Untracked 
| 117|0x000000008b900000, 0x000000008b900000, 0x000000008ba00000|  0%| F|  |TAMS 0x000000008b900000, 0x000000008b900000| Untracked 
| 118|0x000000008ba00000, 0x000000008ba00000, 0x000000008bb00000|  0%| F|  |TAMS 0x000000008ba00000, 0x000000008ba00000| Untracked 
| 119|0x000000008bb00000, 0x000000008bb00000, 0x000000008bc00000|  0%| F|  |TAMS 0x000000008bb00000, 0x000000008bb00000| Untracked 
| 120|0x000000008bc00000, 0x000000008bc00000, 0x000000008bd00000|  0%| F|  |TAMS 0x000000008bc00000, 0x000000008bc00000| Untracked 
| 121|0x000000008bd00000, 0x000000008bd00000, 0x000000008be00000|  0%| F|  |TAMS 0x000000008bd00000, 0x000000008bd00000| Untracked 
| 122|0x000000008be00000, 0x000000008be00000, 0x000000008bf00000|  0%| F|  |TAMS 0x000000008be00000, 0x000000008be00000| Untracked 
| 123|0x000000008bf00000, 0x000000008bf00000, 0x000000008c000000|  0%| F|  |TAMS 0x000000008bf00000, 0x000000008bf00000| Untracked 
| 124|0x000000008c000000, 0x000000008c000000, 0x000000008c100000|  0%| F|  |TAMS 0x000000008c000000, 0x000000008c000000| Untracked 
| 125|0x000000008c100000, 0x000000008c100000, 0x000000008c200000|  0%| F|  |TAMS 0x000000008c100000, 0x000000008c100000| Untracked 
| 126|0x000000008c200000, 0x000000008c200000, 0x000000008c300000|  0%| F|  |TAMS 0x000000008c200000, 0x000000008c200000| Untracked 
| 127|0x000000008c300000, 0x000000008c300000, 0x000000008c400000|  0%| F|  |TAMS 0x000000008c300000, 0x000000008c300000| Untracked 
| 128|0x000000008c400000, 0x000000008c400000, 0x000000008c500000|  0%| F|  |TAMS 0x000000008c400000, 0x000000008c400000| Untracked 
| 129|0x000000008c500000, 0x000000008c500000, 0x000000008c600000|  0%| F|  |TAMS 0x000000008c500000, 0x000000008c500000| Untracked 
| 130|0x000000008c600000, 0x000000008c600000, 0x000000008c700000|  0%| F|  |TAMS 0x000000008c600000, 0x000000008c600000| Untracked 
| 131|0x000000008c700000, 0x000000008c700000, 0x000000008c800000|  0%| F|  |TAMS 0x000000008c700000, 0x000000008c700000| Untracked 
| 132|0x000000008c800000, 0x000000008c800000, 0x000000008c900000|  0%| F|  |TAMS 0x000000008c800000, 0x000000008c800000| Untracked 
| 133|0x000000008c900000, 0x000000008c900000, 0x000000008ca00000|  0%| F|  |TAMS 0x000000008c900000, 0x000000008c900000| Untracked 
| 134|0x000000008ca00000, 0x000000008ca00000, 0x000000008cb00000|  0%| F|  |TAMS 0x000000008ca00000, 0x000000008ca00000| Untracked 
| 135|0x000000008cb00000, 0x000000008cb00000, 0x000000008cc00000|  0%| F|  |TAMS 0x000000008cb00000, 0x000000008cb00000| Untracked 
| 136|0x000000008cc00000, 0x000000008cc00000, 0x000000008cd00000|  0%| F|  |TAMS 0x000000008cc00000, 0x000000008cc00000| Untracked 
| 137|0x000000008cd00000, 0x000000008cd00000, 0x000000008ce00000|  0%| F|  |TAMS 0x000000008cd00000, 0x000000008cd00000| Untracked 
| 138|0x000000008ce00000, 0x000000008ce00000, 0x000000008cf00000|  0%| F|  |TAMS 0x000000008ce00000, 0x000000008ce00000| Untracked 
| 139|0x000000008cf00000, 0x000000008cf00000, 0x000000008d000000|  0%| F|  |TAMS 0x000000008cf00000, 0x000000008cf00000| Untracked 
| 140|0x000000008d000000, 0x000000008d000000, 0x000000008d100000|  0%| F|  |TAMS 0x000000008d000000, 0x000000008d000000| Untracked 
| 141|0x000000008d100000, 0x000000008d100000, 0x000000008d200000|  0%| F|  |TAMS 0x000000008d100000, 0x000000008d100000| Untracked 
| 142|0x000000008d200000, 0x000000008d200000, 0x000000008d300000|  0%| F|  |TAMS 0x000000008d200000, 0x000000008d200000| Untracked 
| 143|0x000000008d300000, 0x000000008d300000, 0x000000008d400000|  0%| F|  |TAMS 0x000000008d300000, 0x000000008d300000| Untracked 
| 144|0x000000008d400000, 0x000000008d400000, 0x000000008d500000|  0%| F|  |TAMS 0x000000008d400000, 0x000000008d400000| Untracked 
| 145|0x000000008d500000, 0x000000008d500000, 0x000000008d600000|  0%| F|  |TAMS 0x000000008d500000, 0x000000008d500000| Untracked 
| 146|0x000000008d600000, 0x000000008d600000, 0x000000008d700000|  0%| F|  |TAMS 0x000000008d600000, 0x000000008d600000| Untracked 
| 147|0x000000008d700000, 0x000000008d780800, 0x000000008d800000| 50%| E|  |TAMS 0x000000008d700000, 0x000000008d700000| Complete 
| 148|0x000000008d800000, 0x000000008d900000, 0x000000008d900000|100%| E|CS|TAMS 0x000000008d800000, 0x000000008d800000| Complete 
| 149|0x000000008d900000, 0x000000008da00000, 0x000000008da00000|100%| E|CS|TAMS 0x000000008d900000, 0x000000008d900000| Complete 
| 150|0x000000008da00000, 0x000000008db00000, 0x000000008db00000|100%| E|CS|TAMS 0x000000008da00000, 0x000000008da00000| Complete 
| 151|0x000000008db00000, 0x000000008dc00000, 0x000000008dc00000|100%| E|CS|TAMS 0x000000008db00000, 0x000000008db00000| Complete 
| 152|0x000000008dc00000, 0x000000008dd00000, 0x000000008dd00000|100%| E|CS|TAMS 0x000000008dc00000, 0x000000008dc00000| Complete 
| 153|0x000000008dd00000, 0x000000008de00000, 0x000000008de00000|100%| E|CS|TAMS 0x000000008dd00000, 0x000000008dd00000| Complete 
| 154|0x000000008de00000, 0x000000008df00000, 0x000000008df00000|100%| E|CS|TAMS 0x000000008de00000, 0x000000008de00000| Complete 
| 155|0x000000008df00000, 0x000000008e000000, 0x000000008e000000|100%| E|CS|TAMS 0x000000008df00000, 0x000000008df00000| Complete 
| 156|0x000000008e000000, 0x000000008e100000, 0x000000008e100000|100%| E|CS|TAMS 0x000000008e000000, 0x000000008e000000| Complete 
| 157|0x000000008e100000, 0x000000008e200000, 0x000000008e200000|100%| E|CS|TAMS 0x000000008e100000, 0x000000008e100000| Complete 
| 158|0x000000008e200000, 0x000000008e300000, 0x000000008e300000|100%| E|CS|TAMS 0x000000008e200000, 0x000000008e200000| Complete 
| 159|0x000000008e300000, 0x000000008e400000, 0x000000008e400000|100%| E|CS|TAMS 0x000000008e300000, 0x000000008e300000| Complete 
| 160|0x000000008e400000, 0x000000008e500000, 0x000000008e500000|100%| E|CS|TAMS 0x000000008e400000, 0x000000008e400000| Complete 
| 161|0x000000008e500000, 0x000000008e600000, 0x000000008e600000|100%| E|CS|TAMS 0x000000008e500000, 0x000000008e500000| Complete 
| 162|0x000000008e600000, 0x000000008e700000, 0x000000008e700000|100%| E|CS|TAMS 0x000000008e600000, 0x000000008e600000| Complete 
| 163|0x000000008e700000, 0x000000008e800000, 0x000000008e800000|100%| E|CS|TAMS 0x000000008e700000, 0x000000008e700000| Complete 
| 164|0x000000008e800000, 0x000000008e900000, 0x000000008e900000|100%| E|CS|TAMS 0x000000008e800000, 0x000000008e800000| Complete 
| 165|0x000000008e900000, 0x000000008ea00000, 0x000000008ea00000|100%| E|CS|TAMS 0x000000008e900000, 0x000000008e900000| Complete 
| 166|0x000000008ea00000, 0x000000008eb00000, 0x000000008eb00000|100%| E|CS|TAMS 0x000000008ea00000, 0x000000008ea00000| Complete 
| 167|0x000000008eb00000, 0x000000008ec00000, 0x000000008ec00000|100%| E|CS|TAMS 0x000000008eb00000, 0x000000008eb00000| Complete 
| 168|0x000000008ec00000, 0x000000008ed00000, 0x000000008ed00000|100%| E|CS|TAMS 0x000000008ec00000, 0x000000008ec00000| Complete 
| 169|0x000000008ed00000, 0x000000008ee00000, 0x000000008ee00000|100%| E|CS|TAMS 0x000000008ed00000, 0x000000008ed00000| Complete 
| 170|0x000000008ee00000, 0x000000008ef00000, 0x000000008ef00000|100%| E|CS|TAMS 0x000000008ee00000, 0x000000008ee00000| Complete 
| 171|0x000000008ef00000, 0x000000008f000000, 0x000000008f000000|100%| E|CS|TAMS 0x000000008ef00000, 0x000000008ef00000| Complete 
| 172|0x000000008f000000, 0x000000008f100000, 0x000000008f100000|100%| E|CS|TAMS 0x000000008f000000, 0x000000008f000000| Complete 
| 173|0x000000008f100000, 0x000000008f200000, 0x000000008f200000|100%| E|CS|TAMS 0x000000008f100000, 0x000000008f100000| Complete 
| 174|0x000000008f200000, 0x000000008f300000, 0x000000008f300000|100%| E|CS|TAMS 0x000000008f200000, 0x000000008f200000| Complete 
| 175|0x000000008f300000, 0x000000008f400000, 0x000000008f400000|100%| E|CS|TAMS 0x000000008f300000, 0x000000008f300000| Complete 
| 176|0x000000008f400000, 0x000000008f500000, 0x000000008f500000|100%| E|CS|TAMS 0x000000008f400000, 0x000000008f400000| Complete 
| 177|0x000000008f500000, 0x000000008f600000, 0x000000008f600000|100%| E|CS|TAMS 0x000000008f500000, 0x000000008f500000| Complete 
| 178|0x000000008f600000, 0x000000008f700000, 0x000000008f700000|100%| E|CS|TAMS 0x000000008f600000, 0x000000008f600000| Complete 
| 179|0x000000008f700000, 0x000000008f800000, 0x000000008f800000|100%| E|CS|TAMS 0x000000008f700000, 0x000000008f700000| Complete 
| 180|0x000000008f800000, 0x000000008f900000, 0x000000008f900000|100%| E|CS|TAMS 0x000000008f800000, 0x000000008f800000| Complete 
| 181|0x000000008f900000, 0x000000008fa00000, 0x000000008fa00000|100%| E|CS|TAMS 0x000000008f900000, 0x000000008f900000| Complete 
| 182|0x000000008fa00000, 0x000000008fb00000, 0x000000008fb00000|100%| E|CS|TAMS 0x000000008fa00000, 0x000000008fa00000| Complete 
| 183|0x000000008fb00000, 0x000000008fc00000, 0x000000008fc00000|100%| E|CS|TAMS 0x000000008fb00000, 0x000000008fb00000| Complete 
| 184|0x000000008fc00000, 0x000000008fd00000, 0x000000008fd00000|100%| E|CS|TAMS 0x000000008fc00000, 0x000000008fc00000| Complete 
| 185|0x000000008fd00000, 0x000000008fe00000, 0x000000008fe00000|100%| E|CS|TAMS 0x000000008fd00000, 0x000000008fd00000| Complete 
| 186|0x000000008fe00000, 0x000000008ff00000, 0x000000008ff00000|100%| E|CS|TAMS 0x000000008fe00000, 0x000000008fe00000| Complete 
| 187|0x000000008ff00000, 0x0000000090000000, 0x0000000090000000|100%| E|CS|TAMS 0x000000008ff00000, 0x000000008ff00000| Complete 
| 188|0x0000000090000000, 0x0000000090100000, 0x0000000090100000|100%| E|CS|TAMS 0x0000000090000000, 0x0000000090000000| Complete 
| 189|0x0000000090100000, 0x0000000090200000, 0x0000000090200000|100%| E|CS|TAMS 0x0000000090100000, 0x0000000090100000| Complete 
| 190|0x0000000090200000, 0x0000000090300000, 0x0000000090300000|100%| E|CS|TAMS 0x0000000090200000, 0x0000000090200000| Complete 
| 191|0x0000000090300000, 0x0000000090400000, 0x0000000090400000|100%| E|CS|TAMS 0x0000000090300000, 0x0000000090300000| Complete 
| 192|0x0000000090400000, 0x0000000090500000, 0x0000000090500000|100%| E|CS|TAMS 0x0000000090400000, 0x0000000090400000| Complete 
| 193|0x0000000090500000, 0x0000000090600000, 0x0000000090600000|100%| E|CS|TAMS 0x0000000090500000, 0x0000000090500000| Complete 
| 194|0x0000000090600000, 0x0000000090700000, 0x0000000090700000|100%| E|CS|TAMS 0x0000000090600000, 0x0000000090600000| Complete 
| 195|0x0000000090700000, 0x0000000090800000, 0x0000000090800000|100%| E|CS|TAMS 0x0000000090700000, 0x0000000090700000| Complete 
| 196|0x0000000090800000, 0x0000000090900000, 0x0000000090900000|100%| E|CS|TAMS 0x0000000090800000, 0x0000000090800000| Complete 
| 197|0x0000000090900000, 0x0000000090a00000, 0x0000000090a00000|100%| E|CS|TAMS 0x0000000090900000, 0x0000000090900000| Complete 
| 198|0x0000000090a00000, 0x0000000090b00000, 0x0000000090b00000|100%| E|CS|TAMS 0x0000000090a00000, 0x0000000090a00000| Complete 
| 199|0x0000000090b00000, 0x0000000090c00000, 0x0000000090c00000|100%| E|CS|TAMS 0x0000000090b00000, 0x0000000090b00000| Complete 
| 200|0x0000000090c00000, 0x0000000090d00000, 0x0000000090d00000|100%| E|CS|TAMS 0x0000000090c00000, 0x0000000090c00000| Complete 
| 201|0x0000000090d00000, 0x0000000090e00000, 0x0000000090e00000|100%| E|CS|TAMS 0x0000000090d00000, 0x0000000090d00000| Complete 
| 202|0x0000000090e00000, 0x0000000090f00000, 0x0000000090f00000|100%| E|CS|TAMS 0x0000000090e00000, 0x0000000090e00000| Complete 
| 203|0x0000000090f00000, 0x0000000091000000, 0x0000000091000000|100%| E|CS|TAMS 0x0000000090f00000, 0x0000000090f00000| Complete 
| 204|0x0000000091000000, 0x0000000091100000, 0x0000000091100000|100%| E|CS|TAMS 0x0000000091000000, 0x0000000091000000| Complete 
| 205|0x0000000091100000, 0x0000000091200000, 0x0000000091200000|100%| E|CS|TAMS 0x0000000091100000, 0x0000000091100000| Complete 
| 206|0x0000000091200000, 0x0000000091300000, 0x0000000091300000|100%| E|CS|TAMS 0x0000000091200000, 0x0000000091200000| Complete 
| 207|0x0000000091300000, 0x0000000091400000, 0x0000000091400000|100%| E|CS|TAMS 0x0000000091300000, 0x0000000091300000| Complete 
| 208|0x0000000091400000, 0x0000000091500000, 0x0000000091500000|100%| E|CS|TAMS 0x0000000091400000, 0x0000000091400000| Complete 
| 209|0x0000000091500000, 0x0000000091600000, 0x0000000091600000|100%| E|CS|TAMS 0x0000000091500000, 0x0000000091500000| Complete 
| 210|0x0000000091600000, 0x0000000091700000, 0x0000000091700000|100%| E|CS|TAMS 0x0000000091600000, 0x0000000091600000| Complete 
| 211|0x0000000091700000, 0x0000000091800000, 0x0000000091800000|100%| E|CS|TAMS 0x0000000091700000, 0x0000000091700000| Complete 
| 212|0x0000000091800000, 0x0000000091900000, 0x0000000091900000|100%| E|CS|TAMS 0x0000000091800000, 0x0000000091800000| Complete 
| 213|0x0000000091900000, 0x0000000091a00000, 0x0000000091a00000|100%| E|CS|TAMS 0x0000000091900000, 0x0000000091900000| Complete 
| 214|0x0000000091a00000, 0x0000000091b00000, 0x0000000091b00000|100%| E|CS|TAMS 0x0000000091a00000, 0x0000000091a00000| Complete 
| 215|0x0000000091b00000, 0x0000000091c00000, 0x0000000091c00000|100%| E|CS|TAMS 0x0000000091b00000, 0x0000000091b00000| Complete 
| 216|0x0000000091c00000, 0x0000000091d00000, 0x0000000091d00000|100%| E|CS|TAMS 0x0000000091c00000, 0x0000000091c00000| Complete 
| 217|0x0000000091d00000, 0x0000000091e00000, 0x0000000091e00000|100%| E|CS|TAMS 0x0000000091d00000, 0x0000000091d00000| Complete 
| 218|0x0000000091e00000, 0x0000000091f00000, 0x0000000091f00000|100%| E|CS|TAMS 0x0000000091e00000, 0x0000000091e00000| Complete 
| 219|0x0000000091f00000, 0x0000000092000000, 0x0000000092000000|100%| E|CS|TAMS 0x0000000091f00000, 0x0000000091f00000| Complete 
| 220|0x0000000092000000, 0x0000000092100000, 0x0000000092100000|100%| E|CS|TAMS 0x0000000092000000, 0x0000000092000000| Complete 
| 221|0x0000000092100000, 0x0000000092200000, 0x0000000092200000|100%| E|CS|TAMS 0x0000000092100000, 0x0000000092100000| Complete 
| 222|0x0000000092200000, 0x0000000092300000, 0x0000000092300000|100%| E|CS|TAMS 0x0000000092200000, 0x0000000092200000| Complete 
| 223|0x0000000092300000, 0x0000000092400000, 0x0000000092400000|100%| E|CS|TAMS 0x0000000092300000, 0x0000000092300000| Complete 
| 224|0x0000000092400000, 0x0000000092500000, 0x0000000092500000|100%| E|CS|TAMS 0x0000000092400000, 0x0000000092400000| Complete 
| 225|0x0000000092500000, 0x0000000092600000, 0x0000000092600000|100%| E|CS|TAMS 0x0000000092500000, 0x0000000092500000| Complete 
| 226|0x0000000092600000, 0x0000000092700000, 0x0000000092700000|100%| E|CS|TAMS 0x0000000092600000, 0x0000000092600000| Complete 
| 227|0x0000000092700000, 0x0000000092800000, 0x0000000092800000|100%| E|CS|TAMS 0x0000000092700000, 0x0000000092700000| Complete 
| 228|0x0000000092800000, 0x0000000092900000, 0x0000000092900000|100%| E|CS|TAMS 0x0000000092800000, 0x0000000092800000| Complete 
| 229|0x0000000092900000, 0x0000000092a00000, 0x0000000092a00000|100%| E|CS|TAMS 0x0000000092900000, 0x0000000092900000| Complete 
| 230|0x0000000092a00000, 0x0000000092b00000, 0x0000000092b00000|100%| E|CS|TAMS 0x0000000092a00000, 0x0000000092a00000| Complete 
| 231|0x0000000092b00000, 0x0000000092c00000, 0x0000000092c00000|100%| E|CS|TAMS 0x0000000092b00000, 0x0000000092b00000| Complete 

Card table byte_map: [0x000001cc7d8a0000,0x000001cc7dc80000] _byte_map_base: 0x000001cc7d47e000

Marking Bits (Prev, Next): (CMBitMap*) 0x000001cc7d457c30, (CMBitMap*) 0x000001cc7d457c70
 Prev Bits: [0x000001cc7e060000, 0x000001cc7ff50000)
 Next Bits: [0x000001cc12610000, 0x000001cc14500000)

Polling page: 0x000001cc7b130000

Metaspace:

Usage:
  Non-class:     13.39 MB used.
      Class:      1.51 MB used.
       Both:     14.90 MB used.

Virtual space:
  Non-class space:       64.00 MB reserved,      13.50 MB ( 21%) committed,  1 nodes.
      Class space:        1.00 GB reserved,       1.62 MB ( <1%) committed,  1 nodes.
             Both:        1.06 GB reserved,      15.12 MB (  1%) committed. 

Chunk freelists:
   Non-Class:  1.99 MB
       Class:  14.25 MB
        Both:  16.24 MB

MaxMetaspaceSize: unlimited
CompressedClassSpaceSize: 1.00 GB
Initial GC threshold: 21.00 MB
Current GC threshold: 21.00 MB
CDS: off
MetaspaceReclaimPolicy: balanced
 - commit_granule_bytes: 65536.
 - commit_granule_words: 8192.
 - virtual_space_node_default_size: 8388608.
 - enlarge_chunks_in_place: 1.
 - new_chunks_are_fully_committed: 0.
 - uncommit_free_chunks: 1.
 - use_allocation_guard: 0.
 - handle_deallocations: 1.


Internal statistics:

num_allocs_failed_limit: 0.
num_arena_births: 120.
num_arena_deaths: 0.
num_vsnodes_births: 2.
num_vsnodes_deaths: 0.
num_space_committed: 242.
num_space_uncommitted: 0.
num_chunks_returned_to_freelist: 0.
num_chunks_taken_from_freelist: 221.
num_chunk_merges: 0.
num_chunk_splits: 110.
num_chunks_enlarged: 41.
num_inconsistent_stats: 0.

CodeHeap 'non-profiled nmethods': size=120000Kb used=471Kb max_used=471Kb free=119528Kb
 bounds [0x000001cc0b0e0000, 0x000001cc0b350000, 0x000001cc12610000]
CodeHeap 'profiled nmethods': size=120000Kb used=1504Kb max_used=1504Kb free=118495Kb
 bounds [0x000001cc03610000, 0x000001cc03880000, 0x000001cc0ab40000]
CodeHeap 'non-nmethods': size=5760Kb used=1279Kb max_used=1291Kb free=4480Kb
 bounds [0x000001cc0ab40000, 0x000001cc0adb0000, 0x000001cc0b0e0000]
 total_blobs=1644 nmethods=1035 adapters=522
 compilation: enabled
              stopped_count=0, restarted_count=0
 full_count=0

Compilation events (20 events):
Event: 1.166 Thread 0x000001cc16a5f7d0 nmethod 989 0x000001cc03772210 code [0x000001cc03772840, 0x000001cc03775d48]
Event: 1.166 Thread 0x000001cc16a5f7d0  990       3       jdk.internal.misc.Unsafe::putByte (8 bytes)
Event: 1.166 Thread 0x000001cc16a5f7d0 nmethod 990 0x000001cc03776e90 code [0x000001cc03777020, 0x000001cc03777138]
Event: 1.166 Thread 0x000001cc16a5f7d0  992       3       java.lang.invoke.DirectMethodHandle::make (275 bytes)
Event: 1.167 Thread 0x000001cc16a5f7d0 nmethod 992 0x000001cc03777210 code [0x000001cc037775a0, 0x000001cc037789b8]
Event: 1.169 Thread 0x000001cc16a5f7d0  993       3       sun.java2d.marlin.RendererContext$PathConsumer2DAdapter::lineTo (14 bytes)
Event: 1.169 Thread 0x000001cc16a5f7d0 nmethod 993 0x000001cc03779210 code [0x000001cc037793c0, 0x000001cc03779548]
Event: 1.169 Thread 0x000001cc16a5f7d0  995       3       sun.java2d.marlin.Stroker::emitCurveTo (20 bytes)
Event: 1.169 Thread 0x000001cc16a5f7d0 nmethod 995 0x000001cc03779690 code [0x000001cc03779840, 0x000001cc03779a28]
Event: 1.169 Thread 0x000001cc16a5f7d0  996       3       sun.java2d.marlin.RendererContext$PathConsumer2DAdapter::curveTo (26 bytes)
Event: 1.169 Thread 0x000001cc16a5f7d0 nmethod 996 0x000001cc03779b10 code [0x000001cc03779cc0, 0x000001cc03779e68]
Event: 1.170 Thread 0x000001cc16a5f7d0  998       3       sun.java2d.marlin.Dasher::goTo (112 bytes)
Event: 1.170 Thread 0x000001cc16a5f7d0 nmethod 998 0x000001cc03779f90 code [0x000001cc0377a160, 0x000001cc0377a5a8]
Event: 1.170 Thread 0x000001cc16a5f7d0  999       3       sun.java2d.marlin.Stroker::emitLineTo (12 bytes)
Event: 1.170 Thread 0x000001cc16a5f7d0 nmethod 999 0x000001cc0377a790 code [0x000001cc0377a940, 0x000001cc0377ab08]
Event: 1.170 Thread 0x000001cc16a5f7d0 1000       3       sun.java2d.marlin.Stroker::emitLineToRev (10 bytes)
Event: 1.170 Thread 0x000001cc16a5f7d0 nmethod 1000 0x000001cc0377ac10 code [0x000001cc0377adc0, 0x000001cc0377af08]
Event: 1.171 Thread 0x000001cc16a5f7d0 1001       3       sun.java2d.marlin.Helpers$PolyStack::ensureSpace (115 bytes)
Event: 1.171 Thread 0x000001cc16a5f7d0 nmethod 1001 0x000001cc0377b010 code [0x000001cc0377b1e0, 0x000001cc0377b4f8]
Event: 1.171 Thread 0x000001cc16a5f7d0 1002       3       sun.java2d.marlin.Stroker::drawRoundCap (97 bytes)

GC Heap History (10 events):
Event: 0.271 GC heap before
{Heap before GC invocations=0 (full 0):
 garbage-first heap   total 126976K, used 13312K [0x0000000084400000, 0x0000000100000000)
  region size 1024K, 13 young (13312K), 0 survivors (0K)
 Metaspace       used 7016K, committed 7168K, reserved 1114112K
  class space    used 621K, committed 704K, reserved 1048576K
}
Event: 0.276 GC heap after
{Heap after GC invocations=1 (full 0):
 garbage-first heap   total 126976K, used 2608K [0x0000000084400000, 0x0000000100000000)
  region size 1024K, 2 young (2048K), 2 survivors (2048K)
 Metaspace       used 7016K, committed 7168K, reserved 1114112K
  class space    used 621K, committed 704K, reserved 1048576K
}
Event: 0.310 GC heap before
{Heap before GC invocations=1 (full 0):
 garbage-first heap   total 126976K, used 18992K [0x0000000084400000, 0x0000000100000000)
  region size 1024K, 18 young (18432K), 2 survivors (2048K)
 Metaspace       used 7017K, committed 7168K, reserved 1114112K
  class space    used 621K, committed 704K, reserved 1048576K
}
Event: 0.315 GC heap after
{Heap after GC invocations=2 (full 0):
 garbage-first heap   total 126976K, used 3036K [0x0000000084400000, 0x0000000100000000)
  region size 1024K, 1 young (1024K), 1 survivors (1024K)
 Metaspace       used 7017K, committed 7168K, reserved 1114112K
  class space    used 621K, committed 704K, reserved 1048576K
}
Event: 0.408 GC heap before
{Heap before GC invocations=2 (full 0):
 garbage-first heap   total 126976K, used 77788K [0x0000000084400000, 0x0000000100000000)
  region size 1024K, 74 young (75776K), 1 survivors (1024K)
 Metaspace       used 7017K, committed 7168K, reserved 1114112K
  class space    used 621K, committed 704K, reserved 1048576K
}
Event: 0.411 GC heap after
{Heap after GC invocations=3 (full 0):
 garbage-first heap   total 126976K, used 3936K [0x0000000084400000, 0x0000000100000000)
  region size 1024K, 2 young (2048K), 2 survivors (2048K)
 Metaspace       used 7017K, committed 7168K, reserved 1114112K
  class space    used 621K, committed 704K, reserved 1048576K
}
Event: 0.440 GC heap before
{Heap before GC invocations=3 (full 0):
 garbage-first heap   total 126976K, used 77664K [0x0000000084400000, 0x0000000100000000)
  region size 1024K, 74 young (75776K), 2 survivors (2048K)
 Metaspace       used 7019K, committed 7168K, reserved 1114112K
  class space    used 621K, committed 704K, reserved 1048576K
}
Event: 0.444 GC heap after
{Heap after GC invocations=4 (full 0):
 garbage-first heap   total 126976K, used 4703K [0x0000000084400000, 0x0000000100000000)
  region size 1024K, 2 young (2048K), 2 survivors (2048K)
 Metaspace       used 7019K, committed 7168K, reserved 1114112K
  class space    used 621K, committed 704K, reserved 1048576K
}
Event: 0.472 GC heap before
{Heap before GC invocations=4 (full 0):
 garbage-first heap   total 126976K, used 78431K [0x0000000084400000, 0x0000000100000000)
  region size 1024K, 74 young (75776K), 2 survivors (2048K)
 Metaspace       used 7019K, committed 7168K, reserved 1114112K
  class space    used 621K, committed 704K, reserved 1048576K
}
Event: 0.481 GC heap after
{Heap after GC invocations=5 (full 0):
 garbage-first heap   total 237568K, used 5855K [0x0000000084400000, 0x0000000100000000)
  region size 1024K, 4 young (4096K), 4 survivors (4096K)
 Metaspace       used 7019K, committed 7168K, reserved 1114112K
  class space    used 621K, committed 704K, reserved 1048576K
}

Dll operation events (8 events):
Event: 0.015 Loaded shared library C:\Users\tluce\.p2\pool\plugins\org.eclipse.justj.openjdk.hotspot.jre.full.win32.x86_64_17.0.10.v20240120-1143\jre\bin\java.dll
Event: 0.125 Loaded shared library C:\Users\tluce\.p2\pool\plugins\org.eclipse.justj.openjdk.hotspot.jre.full.win32.x86_64_17.0.10.v20240120-1143\jre\bin\net.dll
Event: 0.127 Loaded shared library C:\Users\tluce\.p2\pool\plugins\org.eclipse.justj.openjdk.hotspot.jre.full.win32.x86_64_17.0.10.v20240120-1143\jre\bin\nio.dll
Event: 0.133 Loaded shared library C:\Users\tluce\.p2\pool\plugins\org.eclipse.justj.openjdk.hotspot.jre.full.win32.x86_64_17.0.10.v20240120-1143\jre\bin\zip.dll
Event: 0.185 Loaded shared library C:\Users\tluce\.p2\pool\plugins\org.eclipse.justj.openjdk.hotspot.jre.full.win32.x86_64_17.0.10.v20240120-1143\jre\bin\jimage.dll
Event: 0.691 Loaded shared library C:\Users\tluce\.p2\pool\plugins\org.eclipse.justj.openjdk.hotspot.jre.full.win32.x86_64_17.0.10.v20240120-1143\jre\bin\awt.dll
Event: 0.956 Loaded shared library C:\Users\tluce\.p2\pool\plugins\org.eclipse.justj.openjdk.hotspot.jre.full.win32.x86_64_17.0.10.v20240120-1143\jre\bin\freetype.dll
Event: 0.957 Loaded shared library C:\Users\tluce\.p2\pool\plugins\org.eclipse.justj.openjdk.hotspot.jre.full.win32.x86_64_17.0.10.v20240120-1143\jre\bin\fontmanager.dll

Deoptimization events (20 events):
Event: 0.715 Thread 0x000001cc7d3fda70 DEOPT PACKING pc=0x000001cc0b0fc518 sp=0x0000007937afe210
Event: 0.715 Thread 0x000001cc7d3fda70 DEOPT UNPACKING pc=0x000001cc0ab969a3 sp=0x0000007937afe188 mode 2
Event: 0.803 Thread 0x000001cc7d3fda70 Uncommon trap: trap_request=0xffffff45 fr.pc=0x000001cc0b0fb830 relative=0x0000000000000f30
Event: 0.803 Thread 0x000001cc7d3fda70 Uncommon trap: reason=unstable_if action=reinterpret pc=0x000001cc0b0fb830 method=java.util.HashMap.putVal(ILjava/lang/Object;Ljava/lang/Object;ZZ)Ljava/lang/Object; @ 69 c2
Event: 0.803 Thread 0x000001cc7d3fda70 DEOPT PACKING pc=0x000001cc0b0fb830 sp=0x0000007937afe0a0
Event: 0.803 Thread 0x000001cc7d3fda70 DEOPT UNPACKING pc=0x000001cc0ab969a3 sp=0x0000007937afdfe8 mode 2
Event: 0.803 Thread 0x000001cc7d3fda70 Uncommon trap: trap_request=0xffffff45 fr.pc=0x000001cc0b0f9ed0 relative=0x0000000000000e50
Event: 0.803 Thread 0x000001cc7d3fda70 Uncommon trap: reason=unstable_if action=reinterpret pc=0x000001cc0b0f9ed0 method=java.util.HashMap.putVal(ILjava/lang/Object;Ljava/lang/Object;ZZ)Ljava/lang/Object; @ 69 c2
Event: 0.803 Thread 0x000001cc7d3fda70 DEOPT PACKING pc=0x000001cc0b0f9ed0 sp=0x0000007937afe020
Event: 0.803 Thread 0x000001cc7d3fda70 DEOPT UNPACKING pc=0x000001cc0ab969a3 sp=0x0000007937afdff0 mode 2
Event: 0.816 Thread 0x000001cc7d3fda70 DEOPT PACKING pc=0x000001cc036272e7 sp=0x0000007937afd960
Event: 0.816 Thread 0x000001cc7d3fda70 DEOPT UNPACKING pc=0x000001cc0ab97143 sp=0x0000007937afcd80 mode 0
Event: 0.867 Thread 0x000001cc7d3fda70 Uncommon trap: trap_request=0xffffff45 fr.pc=0x000001cc0b126504 relative=0x0000000000000084
Event: 0.867 Thread 0x000001cc7d3fda70 Uncommon trap: reason=unstable_if action=reinterpret pc=0x000001cc0b126504 method=java.lang.Integer.numberOfLeadingZeros(I)I @ 1 c2
Event: 0.867 Thread 0x000001cc7d3fda70 DEOPT PACKING pc=0x000001cc0b126504 sp=0x0000007937afec40
Event: 0.867 Thread 0x000001cc7d3fda70 DEOPT UNPACKING pc=0x000001cc0ab969a3 sp=0x0000007937afebd8 mode 2
Event: 0.876 Thread 0x000001cc7d3fda70 Uncommon trap: trap_request=0xffffff45 fr.pc=0x000001cc0b13f51c relative=0x00000000000006bc
Event: 0.876 Thread 0x000001cc7d3fda70 Uncommon trap: reason=unstable_if action=reinterpret pc=0x000001cc0b13f51c method=java.util.HashMap.hash(Ljava/lang/Object;)I @ 1 c2
Event: 0.876 Thread 0x000001cc7d3fda70 DEOPT PACKING pc=0x000001cc0b13f51c sp=0x0000007937aff0a0
Event: 0.876 Thread 0x000001cc7d3fda70 DEOPT UNPACKING pc=0x000001cc0ab969a3 sp=0x0000007937afef48 mode 2

Classes unloaded (0 events):
No events

Classes redefined (0 events):
No events

Internal exceptions (15 events):
Event: 0.219 Thread 0x000001cc7d3fda70 Exception <a 'java/lang/NoSuchMethodError'{0x000000008bd44d88}: 'java.lang.Object java.lang.invoke.Invokers$Holder.invokeExact_MT(java.lang.Object, java.lang.Object, java.lang.Object, java.lang.Object, java.lang.Object, java.lang.Object)'> (0x000000008bd44d88) 
thrown [s\src\hotspot\share\interpreter\linkResolver.cpp, line 759]
Event: 0.684 Thread 0x000001cc7d3fda70 Exception <a 'java/lang/ClassNotFoundException'{0x000000008ddf10d8}: sun/awt/resources/spi/awtProvider> (0x000000008ddf10d8) 
thrown [s\src\hotspot\share\classfile\systemDictionary.cpp, line 256]
Event: 0.692 Thread 0x000001cc7d3fda70 Exception <a 'java/io/FileNotFoundException'{0x000000008dc04fc0}> (0x000000008dc04fc0) 
thrown [s\src\hotspot\share\prims\jni.cpp, line 516]
Event: 0.706 Thread 0x000001cc7d3fda70 Exception <a 'java/io/FileNotFoundException'{0x000000008dc31d58}> (0x000000008dc31d58) 
thrown [s\src\hotspot\share\prims\jni.cpp, line 516]
Event: 0.760 Thread 0x000001cc7d3fda70 Exception <a 'java/lang/NoSuchMethodError'{0x000000008dc87c78}: 'java.lang.Object java.lang.invoke.DirectMethodHandle$Holder.invokeStaticInit(java.lang.Object)'> (0x000000008dc87c78) 
thrown [s\src\hotspot\share\interpreter\linkResolver.cpp, line 759]
Event: 0.806 Thread 0x000001cc7d3fda70 Exception <a 'java/lang/NoSuchMethodError'{0x000000008dcd5460}: 'void java.lang.invoke.DirectMethodHandle$Holder.invokeSpecial(java.lang.Object, java.lang.Object, java.lang.Object)'> (0x000000008dcd5460) 
thrown [s\src\hotspot\share\interpreter\linkResolver.cpp, line 759]
Event: 0.818 Thread 0x000001cc7d3fda70 Exception <a 'java/lang/NoSuchMethodError'{0x000000008dcff6b0}: 'java.lang.Object java.lang.invoke.DirectMethodHandle$Holder.newInvokeSpecial(java.lang.Object, java.lang.Object, java.lang.Object, java.lang.Object, java.lang.Object)'> (0x000000008dcff6b0) 
thrown [s\src\hotspot\share\interpreter\linkResolver.cpp, line 759]
Event: 0.820 Thread 0x000001cc7d3fda70 Exception <a 'java/lang/NoSuchMethodError'{0x000000008db8b490}: 'java.lang.Object java.lang.invoke.DirectMethodHandle$Holder.invokeStatic(java.lang.Object, int, java.lang.Object, java.lang.Object, java.lang.Object, java.lang.Object)'> (0x000000008db8b490) 
thrown [s\src\hotspot\share\interpreter\linkResolver.cpp, line 759]
Event: 0.827 Thread 0x000001cc7d3fda70 Exception <a 'java/lang/NoSuchMethodError'{0x000000008dbb0c20}: 'java.lang.Object java.lang.invoke.DirectMethodHandle$Holder.invokeStatic(java.lang.Object, int, java.lang.Object)'> (0x000000008dbb0c20) 
thrown [s\src\hotspot\share\interpreter\linkResolver.cpp, line 759]
Event: 0.863 Thread 0x000001cc7d3fda70 Exception <a 'java/lang/ClassNotFoundException'{0x000000008da687a8}: com/sun/swing/internal/plaf/metal/resources/spi/metalProvider> (0x000000008da687a8) 
thrown [s\src\hotspot\share\classfile\systemDictionary.cpp, line 256]
Event: 0.864 Thread 0x000001cc7d3fda70 Exception <a 'java/lang/ClassNotFoundException'{0x000000008da6d218}: com/sun/swing/internal/plaf/basic/resources/spi/basicProvider> (0x000000008da6d218) 
thrown [s\src\hotspot\share\classfile\systemDictionary.cpp, line 256]
Event: 0.876 Thread 0x000001cc7d3fda70 Implicit null exception at 0x000001cc0b13eeb1 to 0x000001cc0b13f500
Event: 0.918 Thread 0x000001cc1b728160 Exception <a 'java/lang/NoSuchMethodError'{0x000000008db0f408}: 'void java.lang.invoke.DirectMethodHandle$Holder.invokeVirtual(java.lang.Object, java.lang.Object)'> (0x000000008db0f408) 
thrown [s\src\hotspot\share\interpreter\linkResolver.cpp, line 759]
Event: 0.943 Thread 0x000001cc7d3fda70 Exception <a 'java/lang/NoSuchMethodError'{0x000000008d95ee20}: 'void java.lang.invoke.DirectMethodHandle$Holder.invokeStaticInit(java.lang.Object)'> (0x000000008d95ee20) 
thrown [s\src\hotspot\share\interpreter\linkResolver.cpp, line 759]
Event: 1.165 Thread 0x000001cc7d3fda70 Exception <a 'java/lang/ClassNotFoundException'{0x000000008d8efbe0}: sun/util/logging/resources/spi/loggingProvider> (0x000000008d8efbe0) 
thrown [s\src\hotspot\share\classfile\systemDictionary.cpp, line 256]

VM Operations (20 events):
Event: 0.135 Executing VM operation: HandshakeAllThreads
Event: 0.135 Executing VM operation: HandshakeAllThreads done
Event: 0.271 Executing VM operation: G1CollectForAllocation
Event: 0.276 Executing VM operation: G1CollectForAllocation done
Event: 0.310 Executing VM operation: G1CollectForAllocation
Event: 0.315 Executing VM operation: G1CollectForAllocation done
Event: 0.408 Executing VM operation: G1CollectForAllocation
Event: 0.411 Executing VM operation: G1CollectForAllocation done
Event: 0.440 Executing VM operation: G1CollectForAllocation
Event: 0.444 Executing VM operation: G1CollectForAllocation done
Event: 0.472 Executing VM operation: G1CollectForAllocation
Event: 0.481 Executing VM operation: G1CollectForAllocation done
Event: 0.882 Executing VM operation: HandshakeAllThreads
Event: 0.882 Executing VM operation: HandshakeAllThreads done
Event: 0.991 Executing VM operation: HandshakeAllThreads
Event: 0.991 Executing VM operation: HandshakeAllThreads done
Event: 0.996 Executing VM operation: HandshakeAllThreads
Event: 0.996 Executing VM operation: HandshakeAllThreads done
Event: 1.133 Executing VM operation: HandshakeAllThreads
Event: 1.133 Executing VM operation: HandshakeAllThreads done

Events (20 events):
Event: 1.165 loading class sun/util/logging/resources/logging_fr_FR
Event: 1.165 loading class sun/util/logging/resources/logging_fr_FR done
Event: 1.165 loading class sun/java2d/marlin/Renderer done
Event: 1.165 loading class java/util/Formatter
Event: 1.165 loading class java/util/Formatter done
Event: 1.165 loading class java/util/regex/Pattern
Event: 1.166 loading class sun/java2d/marlin/MarlinTileGenerator
Event: 1.166 loading class sun/java2d/pipe/AATileGenerator
Event: 1.166 loading class sun/java2d/pipe/AATileGenerator done
Event: 1.166 loading class sun/java2d/marlin/MarlinTileGenerator done
Event: 1.166 loading class sun/java2d/marlin/Stroker
Event: 1.166 loading class sun/java2d/marlin/Stroker done
Event: 1.167 loading class sun/java2d/marlin/Dasher
Event: 1.167 loading class sun/java2d/marlin/Dasher done
Event: 1.167 loading class sun/java2d/marlin/Dasher$LengthIterator
Event: 1.167 loading class sun/java2d/marlin/Dasher$LengthIterator done
Event: 1.167 loading class java/awt/geom/RectIterator
Event: 1.168 loading class java/awt/geom/RectIterator done
Event: 1.168 loading class sun/java2d/marlin/Helpers
Event: 1.168 loading class sun/java2d/marlin/Helpers done


Dynamic libraries:
0x00007ff6c5040000 - 0x00007ff6c504e000 	C:\Users\tluce\.p2\pool\plugins\org.eclipse.justj.openjdk.hotspot.jre.full.win32.x86_64_17.0.10.v20240120-1143\jre\bin\javaw.exe
0x00007ffa45330000 - 0x00007ffa45528000 	C:\WINDOWS\SYSTEM32\ntdll.dll
0x00007ffa45030000 - 0x00007ffa450ed000 	C:\WINDOWS\System32\KERNEL32.DLL
0x00007ffa42c00000 - 0x00007ffa42ef6000 	C:\WINDOWS\System32\KERNELBASE.dll
0x00007ffa42ad0000 - 0x00007ffa42bd0000 	C:\WINDOWS\System32\ucrtbase.dll
0x00007ffa30ab0000 - 0x00007ffa30ac7000 	C:\Users\tluce\.p2\pool\plugins\org.eclipse.justj.openjdk.hotspot.jre.full.win32.x86_64_17.0.10.v20240120-1143\jre\bin\jli.dll
0x00007ffa44770000 - 0x00007ffa4490f000 	C:\WINDOWS\System32\USER32.dll
0x00007ffa42f90000 - 0x00007ffa42fb2000 	C:\WINDOWS\System32\win32u.dll
0x00007ffa43580000 - 0x00007ffa435ab000 	C:\WINDOWS\System32\GDI32.dll
0x00007ffa42fc0000 - 0x00007ffa430d7000 	C:\WINDOWS\System32\gdi32full.dll
0x00007ffa43190000 - 0x00007ffa4322d000 	C:\WINDOWS\System32\msvcp_win.dll
0x00007ffa33530000 - 0x00007ffa337ca000 	C:\WINDOWS\WinSxS\amd64_microsoft.windows.common-controls_6595b64144ccf1df_6.0.19041.3636_none_60b6a03d71f818d5\COMCTL32.dll
0x00007ffa44c30000 - 0x00007ffa44cce000 	C:\WINDOWS\System32\msvcrt.dll
0x00007ffa2d470000 - 0x00007ffa2d48b000 	C:\Users\tluce\.p2\pool\plugins\org.eclipse.justj.openjdk.hotspot.jre.full.win32.x86_64_17.0.10.v20240120-1143\jre\bin\VCRUNTIME140.dll
0x00007ffa449c0000 - 0x00007ffa449f2000 	C:\WINDOWS\System32\IMM32.DLL
0x00007ffa3a170000 - 0x00007ffa3a17c000 	C:\Users\tluce\.p2\pool\plugins\org.eclipse.justj.openjdk.hotspot.jre.full.win32.x86_64_17.0.10.v20240120-1143\jre\bin\vcruntime140_1.dll
0x00007ffa10060000 - 0x00007ffa100ed000 	C:\Users\tluce\.p2\pool\plugins\org.eclipse.justj.openjdk.hotspot.jre.full.win32.x86_64_17.0.10.v20240120-1143\jre\bin\msvcp140.dll
0x00007ffa03640000 - 0x00007ffa042a2000 	C:\Users\tluce\.p2\pool\plugins\org.eclipse.justj.openjdk.hotspot.jre.full.win32.x86_64_17.0.10.v20240120-1143\jre\bin\server\jvm.dll
0x00007ffa44590000 - 0x00007ffa44640000 	C:\WINDOWS\System32\ADVAPI32.dll
0x00007ffa43a40000 - 0x00007ffa43ae0000 	C:\WINDOWS\System32\sechost.dll
0x00007ffa43450000 - 0x00007ffa43573000 	C:\WINDOWS\System32\RPCRT4.dll
0x00007ffa42bd0000 - 0x00007ffa42bf7000 	C:\WINDOWS\System32\bcrypt.dll
0x00007ffa42660000 - 0x00007ffa426ab000 	C:\WINDOWS\SYSTEM32\POWRPROF.dll
0x00007ffa32fb0000 - 0x00007ffa32fb9000 	C:\WINDOWS\SYSTEM32\WSOCK32.dll
0x00007ffa43d40000 - 0x00007ffa43dab000 	C:\WINDOWS\System32\WS2_32.dll
0x00007ffa2b850000 - 0x00007ffa2b877000 	C:\WINDOWS\SYSTEM32\WINMM.dll
0x00007ffa38ba0000 - 0x00007ffa38baa000 	C:\WINDOWS\SYSTEM32\VERSION.dll
0x00007ffa42620000 - 0x00007ffa42632000 	C:\WINDOWS\SYSTEM32\UMPDC.dll
0x00007ffa412f0000 - 0x00007ffa41302000 	C:\WINDOWS\SYSTEM32\kernel.appcore.dll
0x00007ffa3e020000 - 0x00007ffa3e02a000 	C:\Users\tluce\.p2\pool\plugins\org.eclipse.justj.openjdk.hotspot.jre.full.win32.x86_64_17.0.10.v20240120-1143\jre\bin\jimage.dll
0x00007ffa40fc0000 - 0x00007ffa411a4000 	C:\WINDOWS\SYSTEM32\DBGHELP.DLL
0x00007ffa329c0000 - 0x00007ffa329f4000 	C:\WINDOWS\SYSTEM32\dbgcore.DLL
0x00007ffa42f00000 - 0x00007ffa42f82000 	C:\WINDOWS\System32\bcryptPrimitives.dll
0x00007ffa30b10000 - 0x00007ffa30b35000 	C:\Users\tluce\.p2\pool\plugins\org.eclipse.justj.openjdk.hotspot.jre.full.win32.x86_64_17.0.10.v20240120-1143\jre\bin\java.dll
0x00007ffa3b7f0000 - 0x00007ffa3b808000 	C:\Users\tluce\.p2\pool\plugins\org.eclipse.justj.openjdk.hotspot.jre.full.win32.x86_64_17.0.10.v20240120-1143\jre\bin\zip.dll
0x00007ffa43dc0000 - 0x00007ffa4452b000 	C:\WINDOWS\System32\SHELL32.dll
0x00007ffa40750000 - 0x00007ffa40eee000 	C:\WINDOWS\SYSTEM32\windows.storage.dll
0x00007ffa44cd0000 - 0x00007ffa45023000 	C:\WINDOWS\System32\combase.dll
0x00007ffa42490000 - 0x00007ffa424be000 	C:\WINDOWS\SYSTEM32\Wldp.dll
0x00007ffa43c70000 - 0x00007ffa43d3d000 	C:\WINDOWS\System32\OLEAUT32.dll
0x00007ffa44910000 - 0x00007ffa449bd000 	C:\WINDOWS\System32\SHCORE.dll
0x00007ffa45150000 - 0x00007ffa451a5000 	C:\WINDOWS\System32\shlwapi.dll
0x00007ffa42a00000 - 0x00007ffa42a23000 	C:\WINDOWS\SYSTEM32\profapi.dll
0x00007ffa3b6f0000 - 0x00007ffa3b709000 	C:\Users\tluce\.p2\pool\plugins\org.eclipse.justj.openjdk.hotspot.jre.full.win32.x86_64_17.0.10.v20240120-1143\jre\bin\net.dll
0x00007ffa3c2c0000 - 0x00007ffa3c3ca000 	C:\WINDOWS\SYSTEM32\WINHTTP.dll
0x00007ffa421f0000 - 0x00007ffa4225a000 	C:\WINDOWS\system32\mswsock.dll
0x00007ffa3a130000 - 0x00007ffa3a146000 	C:\Users\tluce\.p2\pool\plugins\org.eclipse.justj.openjdk.hotspot.jre.full.win32.x86_64_17.0.10.v20240120-1143\jre\bin\nio.dll
0x00007ffa05680000 - 0x00007ffa05810000 	C:\Users\tluce\.p2\pool\plugins\org.eclipse.justj.openjdk.hotspot.jre.full.win32.x86_64_17.0.10.v20240120-1143\jre\bin\awt.dll
0x00007ffa3fea0000 - 0x00007ffa3ff30000 	C:\WINDOWS\SYSTEM32\apphelp.dll
0x00007ffa40160000 - 0x00007ffa4018f000 	C:\WINDOWS\system32\DWMAPI.DLL
0x00007ffa40030000 - 0x00007ffa400ce000 	C:\WINDOWS\system32\uxtheme.dll
0x00007ffa292e0000 - 0x00007ffa29405000 	C:\WINDOWS\system32\opengl32.dll
0x00007ffa29050000 - 0x00007ffa2907c000 	C:\WINDOWS\SYSTEM32\GLU32.dll
0x00007ffa451d0000 - 0x00007ffa452e5000 	C:\WINDOWS\System32\MSCTF.dll
0x00007ffa44640000 - 0x00007ffa4476b000 	C:\WINDOWS\System32\ole32.dll
0x00007ffa0ec00000 - 0x00007ffa0ec87000 	C:\Users\tluce\.p2\pool\plugins\org.eclipse.justj.openjdk.hotspot.jre.full.win32.x86_64_17.0.10.v20240120-1143\jre\bin\freetype.dll
0x00007ffa06ff0000 - 0x00007ffa070c3000 	C:\Users\tluce\.p2\pool\plugins\org.eclipse.justj.openjdk.hotspot.jre.full.win32.x86_64_17.0.10.v20240120-1143\jre\bin\fontmanager.dll
0x00007ffa32e00000 - 0x00007ffa32ef9000 	C:\WINDOWS\SYSTEM32\textinputframework.dll
0x00007ffa3f640000 - 0x00007ffa3f99b000 	C:\WINDOWS\System32\CoreUIComponents.dll
0x00007ffa3fbc0000 - 0x00007ffa3fcb2000 	C:\WINDOWS\System32\CoreMessaging.dll
0x00007ffa41bd0000 - 0x00007ffa41c03000 	C:\WINDOWS\SYSTEM32\ntmarta.dll
0x00007ffa3f010000 - 0x00007ffa3f167000 	C:\WINDOWS\SYSTEM32\wintypes.dll

dbghelp: loaded successfully - version: 4.0.5 - missing functions: none
symbol engine: initialized successfully - sym options: 0x614 - pdb path: .;C:\Users\tluce\.p2\pool\plugins\org.eclipse.justj.openjdk.hotspot.jre.full.win32.x86_64_17.0.10.v20240120-1143\jre\bin;C:\WINDOWS\SYSTEM32;C:\WINDOWS\WinSxS\amd64_microsoft.windows.common-controls_6595b64144ccf1df_6.0.19041.3636_none_60b6a03d71f818d5;C:\Users\tluce\.p2\pool\plugins\org.eclipse.justj.openjdk.hotspot.jre.full.win32.x86_64_17.0.10.v20240120-1143\jre\bin\server

VM Arguments:
jvm_args: -Dfile.encoding=UTF-8 -Dstdout.encoding=UTF-8 -Dstderr.encoding=UTF-8 -XX:+ShowCodeDetailsInExceptionMessages 
java_command: robotsim.app.SimulatorApplication
java_class_path (initial): C:\Users\tluce\Documents\pelissier-etienne\robotsim\bin;C:\Users\tluce\Documents\pelissier-etienne\robotsim\libs\canvas-viewer.jar;C:\Users\tluce\Documents\pelissier-etienne\robotsim\libs\graph.jar;C:\Users\tluce\Documents\pelissier-etienne\robotsim\libs\jgrapht-core-1.5.2.jar;C:\Users\tluce\Documents\pelissier-etienne\robotsim\libs\jheaps-0.14.jar
Launcher Type: SUN_STANDARD

[Global flags]
     intx CICompilerCount                          = 3                                         {product} {ergonomic}
     uint ConcGCThreads                            = 1                                         {product} {ergonomic}
     uint G1ConcRefinementThreads                  = 4                                         {product} {ergonomic}
   size_t G1HeapRegionSize                         = 1048576                                   {product} {ergonomic}
    uintx GCDrainStackTargetSize                   = 64                                        {product} {ergonomic}
   size_t InitialHeapSize                          = 130023424                                 {product} {ergonomic}
   size_t MarkStackSize                            = 4194304                                   {product} {ergonomic}
   size_t MaxHeapSize                              = 2076180480                                {product} {ergonomic}
   size_t MaxNewSize                               = 1245708288                                {product} {ergonomic}
   size_t MinHeapDeltaBytes                        = 1048576                                   {product} {ergonomic}
   size_t MinHeapSize                              = 8388608                                   {product} {ergonomic}
    uintx NonNMethodCodeHeapSize                   = 5832780                                {pd product} {ergonomic}
    uintx NonProfiledCodeHeapSize                  = 122912730                              {pd product} {ergonomic}
    uintx ProfiledCodeHeapSize                     = 122912730                              {pd product} {ergonomic}
    uintx ReservedCodeCacheSize                    = 251658240                              {pd product} {ergonomic}
     bool SegmentedCodeCache                       = true                                      {product} {ergonomic}
     bool ShowCodeDetailsInExceptionMessages       = true                                   {manageable} {command line}
   size_t SoftMaxHeapSize                          = 2076180480                             {manageable} {ergonomic}
     bool UseCompressedClassPointers               = true                           {product lp64_product} {ergonomic}
     bool UseCompressedOops                        = true                           {product lp64_product} {ergonomic}
     bool UseG1GC                                  = true                                      {product} {ergonomic}
     bool UseLargePagesIndividualAllocation        = false                                  {pd product} {ergonomic}

Logging:
Log output configuration:
 #0: stdout all=warning uptime,level,tags
 #1: stderr all=off uptime,level,tags

Environment Variables:
PATH=C:/Users/tluce/.p2/pool/plugins/org.eclipse.justj.openjdk.hotspot.jre.full.win32.x86_64_17.0.10.v20240120-1143/jre/bin/server;C:/Users/tluce/.p2/pool/plugins/org.eclipse.justj.openjdk.hotspot.jre.full.win32.x86_64_17.0.10.v20240120-1143/jre/bin;C:\Program Files (x86)\Common Files\Oracle\Java\javapath;C:\Program Files (x86)\Intel\iCLS Client\;C:\Program Files\Intel\iCLS Client\;C:\WINDOWS\system32;C:\WINDOWS;C:\WINDOWS\System32\Wbem;C:\WINDOWS\System32\WindowsPowerShell\v1.0\;C:\Program Files (x86)\Intel\Intel(R) Management Engine Components\DAL;C:\Program Files\Intel\Intel(R) Management Engine Components\DAL;C:\Program Files (x86)\Intel\Intel(R) Management Engine Components\IPT;C:\Program Files\Intel\Intel(R) Management Engine Components\IPT;C:\WINDOWS\System32\OpenSSH\;C:\Program Files\Git\cmd;C:\Users\tluce\AppData\Local\Microsoft\WindowsApps;C:\Users\tluce\AppData\Local\Programs\MiKTeX\miktex\bin\x64\;C:\Users\tluce\AppData\Local\Programs\Microsoft VS Code\bin;C:\WINDOWS\system32;
USERNAME=tluce
OS=Windows_NT
PROCESSOR_IDENTIFIER=Intel64 Family 6 Model 142 Stepping 9, GenuineIntel
TMP=C:\Users\tluce\AppData\Local\Temp
TEMP=C:\Users\tluce\AppData\Local\Temp



Periodic native trim disabled


---------------  S Y S T E M  ---------------

OS:
 Windows 10 , 64 bit Build 19041 (10.0.19041.3636)
OS uptime: 11 days 11:20 hours

CPU: total 4 (initial active 4) (2 cores per cpu, 2 threads per core) family 6 model 142 stepping 9 microcode 0xf0, cx8, cmov, fxsr, ht, mmx, 3dnowpref, sse, sse2, sse3, ssse3, sse4.1, sse4.2, popcnt, lzcnt, tsc, tscinvbit, avx, avx2, aes, erms, clmul, bmi1, bmi2, adx, fma, vzeroupper, clflush, clflushopt
Processor Information for all 4 processors :
  Max Mhz: 2901, Current Mhz: 2901, Mhz Limit: 2901

Memory: 4k page, system-wide physical 7916M (555M free)
TotalPageFile size 32492M (AvailPageFile size 32M)
current process WorkingSet (physical memory assigned to process): 247M, peak: 247M
current process commit charge ("private bytes"): 331M, peak: 331M

vm_info: OpenJDK 64-Bit Server VM (17.0.10+7) for windows-amd64 JRE (17.0.10+7), built on Jan 16 2024 23:25:11 by "admin" with MS VC++ 16.10 / 16.11 (VS2019)

END.
